{"/mnt/c/Users/harsh/Desktop/keploy/my-api-assignment/.next/server/app/page.js":{"path":"/mnt/c/Users/harsh/Desktop/keploy/my-api-assignment/.next/server/app/page.js","statementMap":{"0":{"start":{"line":9,"column":0},"end":{"line":207,"column":5}},"1":{"start":{"line":10,"column":14},"end":{"line":10,"column":16}},"2":{"start":{"line":11,"column":0},"end":{"line":11,"column":24}},"3":{"start":{"line":12,"column":0},"end":{"line":12,"column":27}},"4":{"start":{"line":13,"column":0},"end":{"line":197,"column":2}},"5":{"start":{"line":22,"column":0},"end":{"line":22,"column":2562}},"6":{"start":{"line":33,"column":0},"end":{"line":33,"column":43}},"7":{"start":{"line":34,"column":21},"end":{"line":36,"column":24}},"8":{"start":{"line":35,"column":41},"end":{"line":35,"column":67}},"9":{"start":{"line":37,"column":93},"end":{"line":37,"column":273}},"10":{"start":{"line":38,"column":114},"end":{"line":38,"column":202}},"11":{"start":{"line":40,"column":65},"end":{"line":44,"column":1}},"12":{"start":{"line":41,"column":13},"end":{"line":41,"column":325}},"13":{"start":{"line":56,"column":0},"end":{"line":56,"column":10973}},"14":{"start":{"line":66,"column":0},"end":{"line":66,"column":1145}},"15":{"start":{"line":76,"column":0},"end":{"line":76,"column":8242}},"16":{"start":{"line":97,"column":0},"end":{"line":97,"column":23027}},"17":{"start":{"line":107,"column":0},"end":{"line":107,"column":1145}},"18":{"start":{"line":117,"column":0},"end":{"line":117,"column":8242}},"19":{"start":{"line":138,"column":0},"end":{"line":138,"column":89}},"20":{"start":{"line":149,"column":0},"end":{"line":149,"column":93}},"21":{"start":{"line":160,"column":0},"end":{"line":160,"column":87}},"22":{"start":{"line":171,"column":0},"end":{"line":171,"column":92}},"23":{"start":{"line":182,"column":0},"end":{"line":182,"column":83}},"24":{"start":{"line":193,"column":0},"end":{"line":193,"column":33}},"25":{"start":{"line":201,"column":26},"end":{"line":201,"column":58}},"26":{"start":{"line":202,"column":0},"end":{"line":202,"column":31}},"27":{"start":{"line":203,"column":23},"end":{"line":203,"column":92}},"28":{"start":{"line":203,"column":38},"end":{"line":203,"column":91}},"29":{"start":{"line":204,"column":26},"end":{"line":204,"column":636}},"30":{"start":{"line":204,"column":103},"end":{"line":204,"column":634}},"31":{"start":{"line":205,"column":0},"end":{"line":205,"column":37}}},"fnMap":{"0":{"name":"(anonymous_0)","decl":{"start":{"line":9,"column":1},"end":{"line":9,"column":2}},"loc":{"start":{"line":9,"column":7},"end":{"line":207,"column":1}},"line":9},"1":{"name":"(anonymous_1)","decl":{"start":{"line":19,"column":7},"end":{"line":19,"column":8}},"loc":{"start":{"line":19,"column":78},"end":{"line":24,"column":7}},"line":19},"2":{"name":"(anonymous_2)","decl":{"start":{"line":30,"column":7},"end":{"line":30,"column":8}},"loc":{"start":{"line":30,"column":78},"end":{"line":47,"column":7}},"line":30},"3":{"name":"(anonymous_3)","decl":{"start":{"line":35,"column":34},"end":{"line":35,"column":35}},"loc":{"start":{"line":35,"column":41},"end":{"line":35,"column":67}},"line":35},"4":{"name":"(anonymous_4)","decl":{"start":{"line":41,"column":0},"end":{"line":41,"column":1}},"loc":{"start":{"line":41,"column":11},"end":{"line":41,"column":327}},"line":41},"5":{"name":"(anonymous_5)","decl":{"start":{"line":53,"column":7},"end":{"line":53,"column":8}},"loc":{"start":{"line":53,"column":78},"end":{"line":58,"column":7}},"line":53},"6":{"name":"(anonymous_6)","decl":{"start":{"line":64,"column":7},"end":{"line":64,"column":8}},"loc":{"start":{"line":64,"column":83},"end":{"line":68,"column":7}},"line":64},"7":{"name":"(anonymous_7)","decl":{"start":{"line":74,"column":7},"end":{"line":74,"column":8}},"loc":{"start":{"line":74,"column":83},"end":{"line":78,"column":7}},"line":74},"8":{"name":"(anonymous_8)","decl":{"start":{"line":84,"column":7},"end":{"line":84,"column":8}},"loc":{"start":{"line":84,"column":13},"end":{"line":88,"column":7}},"line":84},"9":{"name":"(anonymous_9)","decl":{"start":{"line":94,"column":7},"end":{"line":94,"column":8}},"loc":{"start":{"line":94,"column":78},"end":{"line":99,"column":7}},"line":94},"10":{"name":"(anonymous_10)","decl":{"start":{"line":105,"column":7},"end":{"line":105,"column":8}},"loc":{"start":{"line":105,"column":83},"end":{"line":109,"column":7}},"line":105},"11":{"name":"(anonymous_11)","decl":{"start":{"line":115,"column":7},"end":{"line":115,"column":8}},"loc":{"start":{"line":115,"column":83},"end":{"line":119,"column":7}},"line":115},"12":{"name":"(anonymous_12)","decl":{"start":{"line":125,"column":7},"end":{"line":125,"column":8}},"loc":{"start":{"line":125,"column":13},"end":{"line":129,"column":7}},"line":125},"13":{"name":"(anonymous_13)","decl":{"start":{"line":135,"column":7},"end":{"line":135,"column":8}},"loc":{"start":{"line":135,"column":19},"end":{"line":140,"column":7}},"line":135},"14":{"name":"(anonymous_14)","decl":{"start":{"line":146,"column":7},"end":{"line":146,"column":8}},"loc":{"start":{"line":146,"column":19},"end":{"line":151,"column":7}},"line":146},"15":{"name":"(anonymous_15)","decl":{"start":{"line":157,"column":7},"end":{"line":157,"column":8}},"loc":{"start":{"line":157,"column":19},"end":{"line":162,"column":7}},"line":157},"16":{"name":"(anonymous_16)","decl":{"start":{"line":168,"column":7},"end":{"line":168,"column":8}},"loc":{"start":{"line":168,"column":19},"end":{"line":173,"column":7}},"line":168},"17":{"name":"(anonymous_17)","decl":{"start":{"line":179,"column":7},"end":{"line":179,"column":8}},"loc":{"start":{"line":179,"column":19},"end":{"line":184,"column":7}},"line":179},"18":{"name":"(anonymous_18)","decl":{"start":{"line":190,"column":7},"end":{"line":190,"column":8}},"loc":{"start":{"line":190,"column":19},"end":{"line":195,"column":7}},"line":190},"19":{"name":"(anonymous_19)","decl":{"start":{"line":203,"column":23},"end":{"line":203,"column":24}},"loc":{"start":{"line":203,"column":38},"end":{"line":203,"column":91}},"line":203},"20":{"name":"(anonymous_20)","decl":{"start":{"line":204,"column":96},"end":{"line":204,"column":97}},"loc":{"start":{"line":204,"column":103},"end":{"line":204,"column":634}},"line":204}},"branchMap":{},"s":{"0":1,"1":1,"2":1,"3":1,"4":1,"5":1,"6":1,"7":1,"8":2,"9":1,"10":1,"11":1,"12":0,"13":1,"14":0,"15":0,"16":1,"17":0,"18":0,"19":1,"20":1,"21":1,"22":1,"23":1,"24":1,"25":1,"26":1,"27":1,"28":1,"29":1,"30":1,"31":1},"f":{"0":1,"1":1,"2":1,"3":2,"4":0,"5":1,"6":0,"7":0,"8":0,"9":1,"10":0,"11":0,"12":0,"13":1,"14":1,"15":1,"16":1,"17":1,"18":1,"19":1,"20":1},"b":{},"_coverageSchema":"1a1c01bbd47fc00a2c39e90264f33305004495a9","hash":"56853b029ea2ed16ec5dc4177ea8311e8dc25ac3","contentHash":"1699e3774117a48780f6c6c447c62a0cc0d0508b45e290f1a5167e4f3c962c14"},"/mnt/c/Users/harsh/Desktop/keploy/my-api-assignment/.next/server/webpack-runtime.js":{"path":"/mnt/c/Users/harsh/Desktop/keploy/my-api-assignment/.next/server/webpack-runtime.js","statementMap":{"0":{"start":{"line":9,"column":9},"end":{"line":215,"column":1}},"1":{"start":{"line":11,"column":37},"end":{"line":11,"column":39}},"2":{"start":{"line":14,"column":41},"end":{"line":14,"column":43}},"3":{"start":{"line":19,"column":30},"end":{"line":19,"column":64}},"4":{"start":{"line":20,"column":11},"end":{"line":22,"column":12}},"5":{"start":{"line":21,"column":12},"end":{"line":21,"column":40}},"6":{"start":{"line":24,"column":24},"end":{"line":28,"column":12}},"7":{"start":{"line":31,"column":23},"end":{"line":31,"column":27}},"8":{"start":{"line":32,"column":11},"end":{"line":37,"column":12}},"9":{"start":{"line":33,"column":12},"end":{"line":33,"column":87}},"10":{"start":{"line":34,"column":12},"end":{"line":34,"column":26}},"11":{"start":{"line":36,"column":12},"end":{"line":36,"column":64}},"12":{"start":{"line":36,"column":22},"end":{"line":36,"column":64}},"13":{"start":{"line":40,"column":11},"end":{"line":40,"column":32}},"14":{"start":{"line":43,"column":11},"end":{"line":43,"column":33}},"15":{"start":{"line":47,"column":10},"end":{"line":47,"column":54}},"16":{"start":{"line":51,"column":10},"end":{"line":60,"column":15}},"17":{"start":{"line":53,"column":11},"end":{"line":59,"column":13}},"18":{"start":{"line":54,"column":25},"end":{"line":56,"column":27}},"19":{"start":{"line":55,"column":20},"end":{"line":55,"column":37}},"20":{"start":{"line":56,"column":20},"end":{"line":56,"column":26}},"21":{"start":{"line":57,"column":12},"end":{"line":57,"column":57}},"22":{"start":{"line":58,"column":12},"end":{"line":58,"column":26}},"23":{"start":{"line":63,"column":10},"end":{"line":90,"column":15}},"24":{"start":{"line":64,"column":26},"end":{"line":64,"column":114}},"25":{"start":{"line":64,"column":60},"end":{"line":64,"column":86}},"26":{"start":{"line":64,"column":100},"end":{"line":64,"column":113}},"27":{"start":{"line":72,"column":11},"end":{"line":89,"column":13}},"28":{"start":{"line":73,"column":12},"end":{"line":73,"column":45}},"29":{"start":{"line":73,"column":25},"end":{"line":73,"column":45}},"30":{"start":{"line":74,"column":12},"end":{"line":74,"column":38}},"31":{"start":{"line":74,"column":25},"end":{"line":74,"column":38}},"32":{"start":{"line":75,"column":12},"end":{"line":78,"column":13}},"33":{"start":{"line":76,"column":13},"end":{"line":76,"column":61}},"34":{"start":{"line":76,"column":48},"end":{"line":76,"column":61}},"35":{"start":{"line":77,"column":13},"end":{"line":77,"column":78}},"36":{"start":{"line":77,"column":65},"end":{"line":77,"column":78}},"37":{"start":{"line":79,"column":21},"end":{"line":79,"column":40}},"38":{"start":{"line":80,"column":12},"end":{"line":80,"column":38}},"39":{"start":{"line":81,"column":22},"end":{"line":81,"column":24}},"40":{"start":{"line":82,"column":12},"end":{"line":82,"column":102}},"41":{"start":{"line":83,"column":12},"end":{"line":85,"column":13}},"42":{"start":{"line":83,"column":30},"end":{"line":83,"column":47}},"43":{"start":{"line":84,"column":13},"end":{"line":84,"column":99}},"44":{"start":{"line":84,"column":67},"end":{"line":84,"column":96}},"45":{"start":{"line":84,"column":85},"end":{"line":84,"column":95}},"46":{"start":{"line":86,"column":12},"end":{"line":86,"column":43}},"47":{"start":{"line":86,"column":36},"end":{"line":86,"column":41}},"48":{"start":{"line":87,"column":12},"end":{"line":87,"column":43}},"49":{"start":{"line":88,"column":12},"end":{"line":88,"column":22}},"50":{"start":{"line":93,"column":10},"end":{"line":102,"column":15}},"51":{"start":{"line":95,"column":11},"end":{"line":101,"column":13}},"52":{"start":{"line":96,"column":12},"end":{"line":100,"column":13}},"53":{"start":{"line":97,"column":13},"end":{"line":99,"column":14}},"54":{"start":{"line":98,"column":14},"end":{"line":98,"column":94}},"55":{"start":{"line":105,"column":10},"end":{"line":115,"column":15}},"56":{"start":{"line":106,"column":11},"end":{"line":106,"column":38}},"57":{"start":{"line":109,"column":11},"end":{"line":114,"column":13}},"58":{"start":{"line":110,"column":12},"end":{"line":113,"column":20}},"59":{"start":{"line":111,"column":13},"end":{"line":111,"column":59}},"60":{"start":{"line":112,"column":13},"end":{"line":112,"column":29}},"61":{"start":{"line":118,"column":10},"end":{"line":124,"column":15}},"62":{"start":{"line":120,"column":11},"end":{"line":123,"column":13}},"63":{"start":{"line":122,"column":12},"end":{"line":122,"column":40}},"64":{"start":{"line":127,"column":10},"end":{"line":129,"column":15}},"65":{"start":{"line":128,"column":11},"end":{"line":128,"column":61}},"66":{"start":{"line":128,"column":42},"end":{"line":128,"column":60}},"67":{"start":{"line":132,"column":10},"end":{"line":134,"column":15}},"68":{"start":{"line":133,"column":11},"end":{"line":133,"column":99}},"69":{"start":{"line":133,"column":51},"end":{"line":133,"column":98}},"70":{"start":{"line":137,"column":10},"end":{"line":145,"column":15}},"71":{"start":{"line":139,"column":11},"end":{"line":144,"column":13}},"72":{"start":{"line":140,"column":12},"end":{"line":142,"column":13}},"73":{"start":{"line":141,"column":13},"end":{"line":141,"column":85}},"74":{"start":{"line":143,"column":12},"end":{"line":143,"column":74}},"75":{"start":{"line":148,"column":10},"end":{"line":154,"column":15}},"76":{"start":{"line":149,"column":11},"end":{"line":153,"column":13}},"77":{"start":{"line":150,"column":12},"end":{"line":150,"column":30}},"78":{"start":{"line":151,"column":12},"end":{"line":151,"column":55}},"79":{"start":{"line":151,"column":34},"end":{"line":151,"column":55}},"80":{"start":{"line":152,"column":12},"end":{"line":152,"column":26}},"81":{"start":{"line":157,"column":10},"end":{"line":166,"column":15}},"82":{"start":{"line":158,"column":11},"end":{"line":165,"column":12}},"83":{"start":{"line":160,"column":27},"end":{"line":160,"column":35}},"84":{"start":{"line":161,"column":12},"end":{"line":161,"column":106}},"85":{"start":{"line":161,"column":20},"end":{"line":161,"column":106}},"86":{"start":{"line":161,"column":51},"end":{"line":161,"column":104}},"87":{"start":{"line":162,"column":12},"end":{"line":162,"column":68}},"88":{"start":{"line":163,"column":20},"end":{"line":163,"column":24}},"89":{"start":{"line":164,"column":12},"end":{"line":164,"column":48}},"90":{"start":{"line":169,"column":10},"end":{"line":209,"column":15}},"91":{"start":{"line":174,"column":33},"end":{"line":176,"column":12}},"92":{"start":{"line":180,"column":30},"end":{"line":191,"column":12}},"93":{"start":{"line":181,"column":30},"end":{"line":181,"column":43}},"94":{"start":{"line":181,"column":56},"end":{"line":181,"column":65}},"95":{"start":{"line":181,"column":77},"end":{"line":181,"column":90}},"96":{"start":{"line":182,"column":12},"end":{"line":186,"column":13}},"97":{"start":{"line":183,"column":13},"end":{"line":185,"column":14}},"98":{"start":{"line":184,"column":14},"end":{"line":184,"column":70}},"99":{"start":{"line":187,"column":12},"end":{"line":187,"column":53}},"100":{"start":{"line":187,"column":24},"end":{"line":187,"column":53}},"101":{"start":{"line":188,"column":12},"end":{"line":189,"column":46}},"102":{"start":{"line":188,"column":24},"end":{"line":188,"column":25}},"103":{"start":{"line":189,"column":13},"end":{"line":189,"column":46}},"104":{"start":{"line":194,"column":11},"end":{"line":201,"column":13}},"105":{"start":{"line":196,"column":12},"end":{"line":200,"column":13}},"106":{"start":{"line":197,"column":13},"end":{"line":199,"column":49}},"107":{"start":{"line":198,"column":14},"end":{"line":198,"column":75}},"108":{"start":{"line":199,"column":20},"end":{"line":199,"column":49}},"109":{"start":{"line":203,"column":11},"end":{"line":203,"column":48}},"110":{"start":{"line":204,"column":11},"end":{"line":204,"column":48}}},"fnMap":{"0":{"name":"(anonymous_0)","decl":{"start":{"line":9,"column":10},"end":{"line":9,"column":11}},"loc":{"start":{"line":9,"column":16},"end":{"line":214,"column":10}},"line":9},"1":{"name":"__webpack_require__","decl":{"start":{"line":17,"column":19},"end":{"line":17,"column":38}},"loc":{"start":{"line":17,"column":49},"end":{"line":44,"column":11}},"line":17},"2":{"name":"(anonymous_2)","decl":{"start":{"line":51,"column":11},"end":{"line":51,"column":12}},"loc":{"start":{"line":51,"column":17},"end":{"line":60,"column":11}},"line":51},"3":{"name":"(anonymous_3)","decl":{"start":{"line":53,"column":35},"end":{"line":53,"column":36}},"loc":{"start":{"line":53,"column":47},"end":{"line":59,"column":12}},"line":53},"4":{"name":"(anonymous_4)","decl":{"start":{"line":55,"column":13},"end":{"line":55,"column":14}},"loc":{"start":{"line":55,"column":20},"end":{"line":55,"column":37}},"line":55},"5":{"name":"(anonymous_5)","decl":{"start":{"line":56,"column":13},"end":{"line":56,"column":14}},"loc":{"start":{"line":56,"column":20},"end":{"line":56,"column":26}},"line":56},"6":{"name":"(anonymous_6)","decl":{"start":{"line":63,"column":11},"end":{"line":63,"column":12}},"loc":{"start":{"line":63,"column":17},"end":{"line":90,"column":11}},"line":63},"7":{"name":"(anonymous_7)","decl":{"start":{"line":64,"column":50},"end":{"line":64,"column":51}},"loc":{"start":{"line":64,"column":60},"end":{"line":64,"column":86}},"line":64},"8":{"name":"(anonymous_8)","decl":{"start":{"line":64,"column":90},"end":{"line":64,"column":91}},"loc":{"start":{"line":64,"column":100},"end":{"line":64,"column":113}},"line":64},"9":{"name":"(anonymous_9)","decl":{"start":{"line":72,"column":35},"end":{"line":72,"column":36}},"loc":{"start":{"line":72,"column":57},"end":{"line":89,"column":12}},"line":72},"10":{"name":"(anonymous_10)","decl":{"start":{"line":84,"column":57},"end":{"line":84,"column":58}},"loc":{"start":{"line":84,"column":67},"end":{"line":84,"column":96}},"line":84},"11":{"name":"(anonymous_11)","decl":{"start":{"line":84,"column":78},"end":{"line":84,"column":79}},"loc":{"start":{"line":84,"column":85},"end":{"line":84,"column":95}},"line":84},"12":{"name":"(anonymous_12)","decl":{"start":{"line":86,"column":29},"end":{"line":86,"column":30}},"loc":{"start":{"line":86,"column":36},"end":{"line":86,"column":41}},"line":86},"13":{"name":"(anonymous_13)","decl":{"start":{"line":93,"column":11},"end":{"line":93,"column":12}},"loc":{"start":{"line":93,"column":17},"end":{"line":102,"column":11}},"line":93},"14":{"name":"(anonymous_14)","decl":{"start":{"line":95,"column":35},"end":{"line":95,"column":36}},"loc":{"start":{"line":95,"column":60},"end":{"line":101,"column":12}},"line":95},"15":{"name":"(anonymous_15)","decl":{"start":{"line":105,"column":11},"end":{"line":105,"column":12}},"loc":{"start":{"line":105,"column":17},"end":{"line":115,"column":11}},"line":105},"16":{"name":"(anonymous_16)","decl":{"start":{"line":109,"column":35},"end":{"line":109,"column":36}},"loc":{"start":{"line":109,"column":48},"end":{"line":114,"column":12}},"line":109},"17":{"name":"(anonymous_17)","decl":{"start":{"line":110,"column":73},"end":{"line":110,"column":74}},"loc":{"start":{"line":110,"column":92},"end":{"line":113,"column":13}},"line":110},"18":{"name":"(anonymous_18)","decl":{"start":{"line":118,"column":11},"end":{"line":118,"column":12}},"loc":{"start":{"line":118,"column":17},"end":{"line":124,"column":11}},"line":118},"19":{"name":"(anonymous_19)","decl":{"start":{"line":120,"column":35},"end":{"line":120,"column":36}},"loc":{"start":{"line":120,"column":48},"end":{"line":123,"column":12}},"line":120},"20":{"name":"(anonymous_20)","decl":{"start":{"line":127,"column":11},"end":{"line":127,"column":12}},"loc":{"start":{"line":127,"column":17},"end":{"line":129,"column":11}},"line":127},"21":{"name":"(anonymous_21)","decl":{"start":{"line":128,"column":35},"end":{"line":128,"column":36}},"loc":{"start":{"line":128,"column":42},"end":{"line":128,"column":60}},"line":128},"22":{"name":"(anonymous_22)","decl":{"start":{"line":132,"column":11},"end":{"line":132,"column":12}},"loc":{"start":{"line":132,"column":17},"end":{"line":134,"column":11}},"line":132},"23":{"name":"(anonymous_23)","decl":{"start":{"line":133,"column":35},"end":{"line":133,"column":36}},"loc":{"start":{"line":133,"column":51},"end":{"line":133,"column":98}},"line":133},"24":{"name":"(anonymous_24)","decl":{"start":{"line":137,"column":11},"end":{"line":137,"column":12}},"loc":{"start":{"line":137,"column":17},"end":{"line":145,"column":11}},"line":137},"25":{"name":"(anonymous_25)","decl":{"start":{"line":139,"column":35},"end":{"line":139,"column":36}},"loc":{"start":{"line":139,"column":48},"end":{"line":144,"column":12}},"line":139},"26":{"name":"(anonymous_26)","decl":{"start":{"line":148,"column":11},"end":{"line":148,"column":12}},"loc":{"start":{"line":148,"column":17},"end":{"line":154,"column":11}},"line":148},"27":{"name":"(anonymous_27)","decl":{"start":{"line":149,"column":37},"end":{"line":149,"column":38}},"loc":{"start":{"line":149,"column":49},"end":{"line":153,"column":12}},"line":149},"28":{"name":"(anonymous_28)","decl":{"start":{"line":157,"column":11},"end":{"line":157,"column":12}},"loc":{"start":{"line":157,"column":17},"end":{"line":166,"column":11}},"line":157},"29":{"name":"(anonymous_29)","decl":{"start":{"line":158,"column":35},"end":{"line":158,"column":36}},"loc":{"start":{"line":158,"column":61},"end":{"line":165,"column":12}},"line":158},"30":{"name":"(anonymous_30)","decl":{"start":{"line":161,"column":44},"end":{"line":161,"column":45}},"loc":{"start":{"line":161,"column":51},"end":{"line":161,"column":104}},"line":161},"31":{"name":"(anonymous_31)","decl":{"start":{"line":169,"column":11},"end":{"line":169,"column":12}},"loc":{"start":{"line":169,"column":17},"end":{"line":209,"column":11}},"line":169},"32":{"name":"(anonymous_32)","decl":{"start":{"line":180,"column":30},"end":{"line":180,"column":31}},"loc":{"start":{"line":180,"column":41},"end":{"line":191,"column":12}},"line":180},"33":{"name":"(anonymous_33)","decl":{"start":{"line":194,"column":43},"end":{"line":194,"column":44}},"loc":{"start":{"line":194,"column":66},"end":{"line":201,"column":12}},"line":194}},"branchMap":{"0":{"loc":{"start":{"line":20,"column":11},"end":{"line":22,"column":12}},"type":"if","locations":[{"start":{"line":20,"column":11},"end":{"line":22,"column":12}},{"start":{},"end":{}}],"line":20},"1":{"loc":{"start":{"line":36,"column":12},"end":{"line":36,"column":64}},"type":"if","locations":[{"start":{"line":36,"column":12},"end":{"line":36,"column":64}},{"start":{},"end":{}}],"line":36},"2":{"loc":{"start":{"line":54,"column":25},"end":{"line":56,"column":27}},"type":"cond-expr","locations":[{"start":{"line":55,"column":13},"end":{"line":55,"column":38}},{"start":{"line":56,"column":13},"end":{"line":56,"column":27}}],"line":54},"3":{"loc":{"start":{"line":54,"column":25},"end":{"line":54,"column":52}},"type":"binary-expr","locations":[{"start":{"line":54,"column":25},"end":{"line":54,"column":31}},{"start":{"line":54,"column":35},"end":{"line":54,"column":52}}],"line":54},"4":{"loc":{"start":{"line":64,"column":26},"end":{"line":64,"column":114}},"type":"cond-expr","locations":[{"start":{"line":64,"column":50},"end":{"line":64,"column":87}},{"start":{"line":64,"column":90},"end":{"line":64,"column":114}}],"line":64},"5":{"loc":{"start":{"line":73,"column":12},"end":{"line":73,"column":45}},"type":"if","locations":[{"start":{"line":73,"column":12},"end":{"line":73,"column":45}},{"start":{},"end":{}}],"line":73},"6":{"loc":{"start":{"line":74,"column":12},"end":{"line":74,"column":38}},"type":"if","locations":[{"start":{"line":74,"column":12},"end":{"line":74,"column":38}},{"start":{},"end":{}}],"line":74},"7":{"loc":{"start":{"line":75,"column":12},"end":{"line":78,"column":13}},"type":"if","locations":[{"start":{"line":75,"column":12},"end":{"line":78,"column":13}},{"start":{},"end":{}}],"line":75},"8":{"loc":{"start":{"line":75,"column":15},"end":{"line":75,"column":49}},"type":"binary-expr","locations":[{"start":{"line":75,"column":15},"end":{"line":75,"column":40}},{"start":{"line":75,"column":44},"end":{"line":75,"column":49}}],"line":75},"9":{"loc":{"start":{"line":76,"column":13},"end":{"line":76,"column":61}},"type":"if","locations":[{"start":{"line":76,"column":13},"end":{"line":76,"column":61}},{"start":{},"end":{}}],"line":76},"10":{"loc":{"start":{"line":76,"column":16},"end":{"line":76,"column":46}},"type":"binary-expr","locations":[{"start":{"line":76,"column":17},"end":{"line":76,"column":25}},{"start":{"line":76,"column":30},"end":{"line":76,"column":46}}],"line":76},"11":{"loc":{"start":{"line":77,"column":13},"end":{"line":77,"column":78}},"type":"if","locations":[{"start":{"line":77,"column":13},"end":{"line":77,"column":78}},{"start":{},"end":{}}],"line":77},"12":{"loc":{"start":{"line":77,"column":16},"end":{"line":77,"column":63}},"type":"binary-expr","locations":[{"start":{"line":77,"column":17},"end":{"line":77,"column":26}},{"start":{"line":77,"column":31},"end":{"line":77,"column":63}}],"line":77},"13":{"loc":{"start":{"line":82,"column":29},"end":{"line":82,"column":101}},"type":"binary-expr","locations":[{"start":{"line":82,"column":29},"end":{"line":82,"column":43}},{"start":{"line":82,"column":47},"end":{"line":82,"column":101}}],"line":82},"14":{"loc":{"start":{"line":83,"column":30},"end":{"line":83,"column":47}},"type":"binary-expr","locations":[{"start":{"line":83,"column":30},"end":{"line":83,"column":38}},{"start":{"line":83,"column":42},"end":{"line":83,"column":47}}],"line":83},"15":{"loc":{"start":{"line":83,"column":49},"end":{"line":83,"column":112}},"type":"binary-expr","locations":[{"start":{"line":83,"column":49},"end":{"line":83,"column":75}},{"start":{"line":83,"column":79},"end":{"line":83,"column":112}}],"line":83},"16":{"loc":{"start":{"line":97,"column":13},"end":{"line":99,"column":14}},"type":"if","locations":[{"start":{"line":97,"column":13},"end":{"line":99,"column":14}},{"start":{},"end":{}}],"line":97},"17":{"loc":{"start":{"line":97,"column":16},"end":{"line":97,"column":94}},"type":"binary-expr","locations":[{"start":{"line":97,"column":16},"end":{"line":97,"column":54}},{"start":{"line":97,"column":58},"end":{"line":97,"column":94}}],"line":97},"18":{"loc":{"start":{"line":140,"column":12},"end":{"line":142,"column":13}},"type":"if","locations":[{"start":{"line":140,"column":12},"end":{"line":142,"column":13}},{"start":{},"end":{}}],"line":140},"19":{"loc":{"start":{"line":140,"column":15},"end":{"line":140,"column":66}},"type":"binary-expr","locations":[{"start":{"line":140,"column":15},"end":{"line":140,"column":44}},{"start":{"line":140,"column":48},"end":{"line":140,"column":66}}],"line":140},"20":{"loc":{"start":{"line":151,"column":12},"end":{"line":151,"column":55}},"type":"if","locations":[{"start":{"line":151,"column":12},"end":{"line":151,"column":55}},{"start":{},"end":{}}],"line":151},"21":{"loc":{"start":{"line":161,"column":12},"end":{"line":161,"column":106}},"type":"if","locations":[{"start":{"line":161,"column":12},"end":{"line":161,"column":106}},{"start":{},"end":{}}],"line":161},"22":{"loc":{"start":{"line":164,"column":19},"end":{"line":164,"column":47}},"type":"cond-expr","locations":[{"start":{"line":164,"column":37},"end":{"line":164,"column":43}},{"start":{"line":164,"column":46},"end":{"line":164,"column":47}}],"line":164},"23":{"loc":{"start":{"line":183,"column":13},"end":{"line":185,"column":14}},"type":"if","locations":[{"start":{"line":183,"column":13},"end":{"line":185,"column":14}},{"start":{},"end":{}}],"line":183},"24":{"loc":{"start":{"line":187,"column":12},"end":{"line":187,"column":53}},"type":"if","locations":[{"start":{"line":187,"column":12},"end":{"line":187,"column":53}},{"start":{},"end":{}}],"line":187},"25":{"loc":{"start":{"line":196,"column":12},"end":{"line":200,"column":13}},"type":"if","locations":[{"start":{"line":196,"column":12},"end":{"line":200,"column":13}},{"start":{},"end":{}}],"line":196},"26":{"loc":{"start":{"line":197,"column":13},"end":{"line":199,"column":49}},"type":"if","locations":[{"start":{"line":197,"column":13},"end":{"line":199,"column":49}},{"start":{"line":199,"column":20},"end":{"line":199,"column":49}}],"line":197}},"s":{"0":2,"1":2,"2":2,"3":475,"4":475,"5":211,"6":264,"7":264,"8":264,"9":264,"10":264,"11":264,"12":0,"13":264,"14":264,"15":2,"16":2,"17":2,"18":11,"19":1,"20":6,"21":11,"22":11,"23":2,"24":2,"25":3,"26":0,"27":2,"28":1,"29":1,"30":1,"31":0,"32":1,"33":0,"34":0,"35":0,"36":0,"37":1,"38":1,"39":1,"40":1,"41":1,"42":1,"43":0,"44":0,"45":0,"46":1,"47":1,"48":1,"49":1,"50":2,"51":2,"52":24,"53":63,"54":63,"55":2,"56":2,"57":2,"58":3,"59":3,"60":3,"61":2,"62":2,"63":3,"64":2,"65":2,"66":0,"67":2,"68":2,"69":802,"70":2,"71":2,"72":12,"73":12,"74":12,"75":2,"76":2,"77":0,"78":0,"79":0,"80":0,"81":2,"82":2,"83":2,"84":2,"85":0,"86":0,"87":2,"88":2,"89":2,"90":2,"91":2,"92":2,"93":5,"94":5,"95":5,"96":5,"97":676,"98":676,"99":5,"100":0,"101":5,"102":5,"103":5,"104":2,"105":3,"106":3,"107":3,"108":0,"109":2,"110":2},"f":{"0":2,"1":475,"2":2,"3":11,"4":1,"5":6,"6":2,"7":3,"8":0,"9":1,"10":0,"11":0,"12":1,"13":2,"14":24,"15":2,"16":3,"17":3,"18":2,"19":3,"20":2,"21":0,"22":2,"23":802,"24":2,"25":12,"26":2,"27":0,"28":2,"29":2,"30":0,"31":2,"32":5,"33":3},"b":{"0":[211,264],"1":[0,264],"2":[7,4],"3":[11,11],"4":[2,0],"5":[1,0],"6":[0,1],"7":[0,1],"8":[1,0],"9":[0,0],"10":[0,0],"11":[0,0],"12":[0,0],"13":[1,1],"14":[1,1],"15":[1,0],"16":[63,0],"17":[63,63],"18":[12,0],"19":[12,12],"20":[0,0],"21":[0,2],"22":[0,2],"23":[676,0],"24":[0,5],"25":[3,0],"26":[3,0]},"_coverageSchema":"1a1c01bbd47fc00a2c39e90264f33305004495a9","hash":"2ce3d2915219c032824dacbb16528ae3b18dcb86","contentHash":"6382336dc1ba3b205d0f913153e0cbb2a23e2e13a999722e5df9059f776d803a"},"/mnt/c/Users/harsh/Desktop/keploy/my-api-assignment/.next/server/vendor-chunks/next.js":{"path":"/mnt/c/Users/harsh/Desktop/keploy/my-api-assignment/.next/server/vendor-chunks/next.js","statementMap":{"0":{"start":{"line":9,"column":0},"end":{"line":9,"column":34}},"1":{"start":{"line":10,"column":0},"end":{"line":10,"column":37}},"2":{"start":{"line":11,"column":0},"end":{"line":3566,"column":2}},"3":{"start":{"line":20,"column":0},"end":{"line":20,"column":9721}},"4":{"start":{"line":31,"column":0},"end":{"line":31,"column":2034}},"5":{"start":{"line":42,"column":0},"end":{"line":42,"column":7383}},"6":{"start":{"line":52,"column":24},"end":{"line":52,"column":205}},"7":{"start":{"line":54,"column":0},"end":{"line":54,"column":139}},"8":{"start":{"line":65,"column":24},"end":{"line":65,"column":205}},"9":{"start":{"line":67,"column":0},"end":{"line":67,"column":142}},"10":{"start":{"line":78,"column":24},"end":{"line":78,"column":205}},"11":{"start":{"line":80,"column":0},"end":{"line":80,"column":142}},"12":{"start":{"line":92,"column":0},"end":{"line":92,"column":2226}},"13":{"start":{"line":103,"column":0},"end":{"line":103,"column":3273}},"14":{"start":{"line":113,"column":24},"end":{"line":113,"column":205}},"15":{"start":{"line":115,"column":0},"end":{"line":115,"column":163}},"16":{"start":{"line":127,"column":0},"end":{"line":127,"column":9115}},"17":{"start":{"line":138,"column":0},"end":{"line":138,"column":6240}},"18":{"start":{"line":149,"column":0},"end":{"line":149,"column":2708}},"19":{"start":{"line":159,"column":24},"end":{"line":159,"column":205}},"20":{"start":{"line":161,"column":0},"end":{"line":161,"column":141}},"21":{"start":{"line":172,"column":24},"end":{"line":172,"column":205}},"22":{"start":{"line":174,"column":0},"end":{"line":174,"column":151}},"23":{"start":{"line":185,"column":24},"end":{"line":185,"column":205}},"24":{"start":{"line":187,"column":0},"end":{"line":187,"column":154}},"25":{"start":{"line":199,"column":0},"end":{"line":199,"column":2213}},"26":{"start":{"line":210,"column":0},"end":{"line":210,"column":5071}},"27":{"start":{"line":221,"column":0},"end":{"line":221,"column":1831}},"28":{"start":{"line":231,"column":24},"end":{"line":231,"column":205}},"29":{"start":{"line":233,"column":0},"end":{"line":233,"column":156}},"30":{"start":{"line":245,"column":0},"end":{"line":245,"column":2864}},"31":{"start":{"line":256,"column":0},"end":{"line":256,"column":2276}},"32":{"start":{"line":267,"column":0},"end":{"line":267,"column":29004}},"33":{"start":{"line":277,"column":0},"end":{"line":277,"column":77914}},"34":{"start":{"line":288,"column":0},"end":{"line":288,"column":338857}},"35":{"start":{"line":299,"column":0},"end":{"line":299,"column":1323}},"36":{"start":{"line":319,"column":0},"end":{"line":319,"column":1937}},"37":{"start":{"line":330,"column":0},"end":{"line":330,"column":6299}},"38":{"start":{"line":341,"column":0},"end":{"line":341,"column":34568}},"39":{"start":{"line":352,"column":0},"end":{"line":352,"column":2974}},"40":{"start":{"line":363,"column":0},"end":{"line":363,"column":5449}},"41":{"start":{"line":374,"column":0},"end":{"line":374,"column":8070}},"42":{"start":{"line":385,"column":0},"end":{"line":385,"column":1482}},"43":{"start":{"line":396,"column":0},"end":{"line":396,"column":6864}},"44":{"start":{"line":407,"column":0},"end":{"line":407,"column":2825}},"45":{"start":{"line":418,"column":0},"end":{"line":418,"column":2900}},"46":{"start":{"line":429,"column":0},"end":{"line":429,"column":5755}},"47":{"start":{"line":440,"column":0},"end":{"line":440,"column":6270}},"48":{"start":{"line":451,"column":0},"end":{"line":451,"column":28207}},"49":{"start":{"line":462,"column":0},"end":{"line":462,"column":5536}},"50":{"start":{"line":473,"column":0},"end":{"line":473,"column":10562}},"51":{"start":{"line":484,"column":0},"end":{"line":484,"column":45634}},"52":{"start":{"line":495,"column":0},"end":{"line":495,"column":3609}},"53":{"start":{"line":506,"column":0},"end":{"line":506,"column":2794}},"54":{"start":{"line":517,"column":0},"end":{"line":517,"column":33240}},"55":{"start":{"line":528,"column":0},"end":{"line":528,"column":82742}},"56":{"start":{"line":539,"column":0},"end":{"line":539,"column":21050}},"57":{"start":{"line":550,"column":0},"end":{"line":550,"column":4760}},"58":{"start":{"line":561,"column":0},"end":{"line":561,"column":21308}},"59":{"start":{"line":572,"column":0},"end":{"line":572,"column":3690}},"60":{"start":{"line":583,"column":0},"end":{"line":583,"column":13408}},"61":{"start":{"line":594,"column":0},"end":{"line":594,"column":1492}},"62":{"start":{"line":605,"column":0},"end":{"line":605,"column":14373}},"63":{"start":{"line":616,"column":0},"end":{"line":616,"column":5174}},"64":{"start":{"line":627,"column":0},"end":{"line":627,"column":3728}},"65":{"start":{"line":638,"column":0},"end":{"line":638,"column":36792}},"66":{"start":{"line":649,"column":0},"end":{"line":649,"column":25150}},"67":{"start":{"line":660,"column":0},"end":{"line":660,"column":70604}},"68":{"start":{"line":671,"column":0},"end":{"line":671,"column":21983}},"69":{"start":{"line":682,"column":0},"end":{"line":682,"column":2102}},"70":{"start":{"line":693,"column":0},"end":{"line":693,"column":5506}},"71":{"start":{"line":704,"column":0},"end":{"line":704,"column":7355}},"72":{"start":{"line":715,"column":0},"end":{"line":715,"column":3184}},"73":{"start":{"line":726,"column":0},"end":{"line":726,"column":6542}},"74":{"start":{"line":737,"column":0},"end":{"line":737,"column":10045}},"75":{"start":{"line":748,"column":0},"end":{"line":748,"column":7669}},"76":{"start":{"line":759,"column":0},"end":{"line":759,"column":5104}},"77":{"start":{"line":770,"column":0},"end":{"line":770,"column":4734}},"78":{"start":{"line":781,"column":0},"end":{"line":781,"column":18330}},"79":{"start":{"line":792,"column":0},"end":{"line":792,"column":7516}},"80":{"start":{"line":803,"column":0},"end":{"line":803,"column":103579}},"81":{"start":{"line":814,"column":0},"end":{"line":814,"column":1810}},"82":{"start":{"line":825,"column":0},"end":{"line":825,"column":23463}},"83":{"start":{"line":836,"column":0},"end":{"line":836,"column":25673}},"84":{"start":{"line":847,"column":0},"end":{"line":847,"column":15613}},"85":{"start":{"line":858,"column":0},"end":{"line":858,"column":20310}},"86":{"start":{"line":869,"column":0},"end":{"line":869,"column":4334}},"87":{"start":{"line":880,"column":0},"end":{"line":880,"column":45856}},"88":{"start":{"line":891,"column":0},"end":{"line":891,"column":70714}},"89":{"start":{"line":902,"column":0},"end":{"line":902,"column":8426}},"90":{"start":{"line":913,"column":0},"end":{"line":913,"column":19524}},"91":{"start":{"line":924,"column":0},"end":{"line":924,"column":3924}},"92":{"start":{"line":935,"column":0},"end":{"line":935,"column":11055}},"93":{"start":{"line":946,"column":0},"end":{"line":946,"column":3393}},"94":{"start":{"line":957,"column":0},"end":{"line":957,"column":1117}},"95":{"start":{"line":968,"column":0},"end":{"line":968,"column":1211}},"96":{"start":{"line":979,"column":0},"end":{"line":979,"column":1180}},"97":{"start":{"line":990,"column":0},"end":{"line":990,"column":1330}},"98":{"start":{"line":1001,"column":0},"end":{"line":1001,"column":1330}},"99":{"start":{"line":1012,"column":0},"end":{"line":1012,"column":1086}},"100":{"start":{"line":1023,"column":0},"end":{"line":1023,"column":3464}},"101":{"start":{"line":1034,"column":0},"end":{"line":1034,"column":5015}},"102":{"start":{"line":1045,"column":0},"end":{"line":1045,"column":59549}},"103":{"start":{"line":1056,"column":0},"end":{"line":1056,"column":5964}},"104":{"start":{"line":1067,"column":0},"end":{"line":1067,"column":4308}},"105":{"start":{"line":1078,"column":0},"end":{"line":1078,"column":20389}},"106":{"start":{"line":1089,"column":0},"end":{"line":1089,"column":14562}},"107":{"start":{"line":1100,"column":0},"end":{"line":1100,"column":2790}},"108":{"start":{"line":1111,"column":0},"end":{"line":1111,"column":2577}},"109":{"start":{"line":1122,"column":0},"end":{"line":1122,"column":9283}},"110":{"start":{"line":1133,"column":0},"end":{"line":1133,"column":13412}},"111":{"start":{"line":1144,"column":0},"end":{"line":1144,"column":3550}},"112":{"start":{"line":1155,"column":0},"end":{"line":1155,"column":1351}},"113":{"start":{"line":1166,"column":0},"end":{"line":1166,"column":2879}},"114":{"start":{"line":1177,"column":0},"end":{"line":1177,"column":3274}},"115":{"start":{"line":1188,"column":0},"end":{"line":1188,"column":6514}},"116":{"start":{"line":1199,"column":0},"end":{"line":1199,"column":1743}},"117":{"start":{"line":1210,"column":0},"end":{"line":1210,"column":3121}},"118":{"start":{"line":1221,"column":0},"end":{"line":1221,"column":1769}},"119":{"start":{"line":1232,"column":0},"end":{"line":1232,"column":1569}},"120":{"start":{"line":1243,"column":0},"end":{"line":1243,"column":3271}},"121":{"start":{"line":1254,"column":0},"end":{"line":1254,"column":3903}},"122":{"start":{"line":1265,"column":0},"end":{"line":1265,"column":2161}},"123":{"start":{"line":1276,"column":0},"end":{"line":1276,"column":2237}},"124":{"start":{"line":1287,"column":0},"end":{"line":1287,"column":4939}},"125":{"start":{"line":1298,"column":0},"end":{"line":1298,"column":10149}},"126":{"start":{"line":1309,"column":0},"end":{"line":1309,"column":3406}},"127":{"start":{"line":1320,"column":0},"end":{"line":1320,"column":2310}},"128":{"start":{"line":1331,"column":0},"end":{"line":1331,"column":4401}},"129":{"start":{"line":1342,"column":0},"end":{"line":1342,"column":1709}},"130":{"start":{"line":1353,"column":0},"end":{"line":1353,"column":12778}},"131":{"start":{"line":1364,"column":0},"end":{"line":1364,"column":4028}},"132":{"start":{"line":1375,"column":0},"end":{"line":1375,"column":5573}},"133":{"start":{"line":1386,"column":0},"end":{"line":1386,"column":4014}},"134":{"start":{"line":1397,"column":0},"end":{"line":1397,"column":3241}},"135":{"start":{"line":1408,"column":0},"end":{"line":1408,"column":4727}},"136":{"start":{"line":1419,"column":0},"end":{"line":1419,"column":7383}},"137":{"start":{"line":1430,"column":0},"end":{"line":1430,"column":3114}},"138":{"start":{"line":1441,"column":0},"end":{"line":1441,"column":7864}},"139":{"start":{"line":1452,"column":0},"end":{"line":1452,"column":6550}},"140":{"start":{"line":1463,"column":0},"end":{"line":1463,"column":23196}},"141":{"start":{"line":1474,"column":0},"end":{"line":1474,"column":12740}},"142":{"start":{"line":1485,"column":0},"end":{"line":1485,"column":5101}},"143":{"start":{"line":1496,"column":0},"end":{"line":1496,"column":2584}},"144":{"start":{"line":1507,"column":0},"end":{"line":1507,"column":21748}},"145":{"start":{"line":1518,"column":0},"end":{"line":1518,"column":1478}},"146":{"start":{"line":1529,"column":0},"end":{"line":1529,"column":7793}},"147":{"start":{"line":1540,"column":0},"end":{"line":1540,"column":17485}},"148":{"start":{"line":1551,"column":0},"end":{"line":1551,"column":5148}},"149":{"start":{"line":1562,"column":0},"end":{"line":1562,"column":3273}},"150":{"start":{"line":1573,"column":0},"end":{"line":1573,"column":19750}},"151":{"start":{"line":1584,"column":0},"end":{"line":1584,"column":6240}},"152":{"start":{"line":1595,"column":0},"end":{"line":1595,"column":15465}},"153":{"start":{"line":1606,"column":0},"end":{"line":1606,"column":2708}},"154":{"start":{"line":1617,"column":0},"end":{"line":1617,"column":72226}},"155":{"start":{"line":1628,"column":0},"end":{"line":1628,"column":2824}},"156":{"start":{"line":1639,"column":0},"end":{"line":1639,"column":5157}},"157":{"start":{"line":1650,"column":0},"end":{"line":1650,"column":5757}},"158":{"start":{"line":1661,"column":0},"end":{"line":1661,"column":4702}},"159":{"start":{"line":1672,"column":0},"end":{"line":1672,"column":4714}},"160":{"start":{"line":1683,"column":0},"end":{"line":1683,"column":6575}},"161":{"start":{"line":1694,"column":0},"end":{"line":1694,"column":25774}},"162":{"start":{"line":1705,"column":0},"end":{"line":1705,"column":7205}},"163":{"start":{"line":1716,"column":0},"end":{"line":1716,"column":4719}},"164":{"start":{"line":1727,"column":0},"end":{"line":1727,"column":7751}},"165":{"start":{"line":1738,"column":0},"end":{"line":1738,"column":13009}},"166":{"start":{"line":1749,"column":0},"end":{"line":1749,"column":67615}},"167":{"start":{"line":1760,"column":0},"end":{"line":1760,"column":7868}},"168":{"start":{"line":1771,"column":0},"end":{"line":1771,"column":26417}},"169":{"start":{"line":1782,"column":0},"end":{"line":1782,"column":14502}},"170":{"start":{"line":1793,"column":0},"end":{"line":1793,"column":21679}},"171":{"start":{"line":1804,"column":0},"end":{"line":1804,"column":11456}},"172":{"start":{"line":1815,"column":0},"end":{"line":1815,"column":25272}},"173":{"start":{"line":1826,"column":0},"end":{"line":1826,"column":2814}},"174":{"start":{"line":1837,"column":0},"end":{"line":1837,"column":2875}},"175":{"start":{"line":1848,"column":0},"end":{"line":1848,"column":2856}},"176":{"start":{"line":1859,"column":0},"end":{"line":1859,"column":13649}},"177":{"start":{"line":1870,"column":0},"end":{"line":1870,"column":3096}},"178":{"start":{"line":1881,"column":0},"end":{"line":1881,"column":8168}},"179":{"start":{"line":1892,"column":0},"end":{"line":1892,"column":16631}},"180":{"start":{"line":1903,"column":0},"end":{"line":1903,"column":56590}},"181":{"start":{"line":1914,"column":0},"end":{"line":1914,"column":15440}},"182":{"start":{"line":1925,"column":0},"end":{"line":1925,"column":7590}},"183":{"start":{"line":1936,"column":0},"end":{"line":1936,"column":18510}},"184":{"start":{"line":1947,"column":0},"end":{"line":1947,"column":23718}},"185":{"start":{"line":1958,"column":0},"end":{"line":1958,"column":35731}},"186":{"start":{"line":1969,"column":0},"end":{"line":1969,"column":64408}},"187":{"start":{"line":1980,"column":0},"end":{"line":1980,"column":9082}},"188":{"start":{"line":1991,"column":0},"end":{"line":1991,"column":16414}},"189":{"start":{"line":2002,"column":0},"end":{"line":2002,"column":2911}},"190":{"start":{"line":2013,"column":0},"end":{"line":2013,"column":5512}},"191":{"start":{"line":2024,"column":0},"end":{"line":2024,"column":5040}},"192":{"start":{"line":2035,"column":0},"end":{"line":2035,"column":3571}},"193":{"start":{"line":2046,"column":0},"end":{"line":2046,"column":10148}},"194":{"start":{"line":2057,"column":0},"end":{"line":2057,"column":9383}},"195":{"start":{"line":2068,"column":0},"end":{"line":2068,"column":15950}},"196":{"start":{"line":2079,"column":0},"end":{"line":2079,"column":5629}},"197":{"start":{"line":2090,"column":0},"end":{"line":2090,"column":23797}},"198":{"start":{"line":2101,"column":0},"end":{"line":2101,"column":22319}},"199":{"start":{"line":2112,"column":0},"end":{"line":2112,"column":20443}},"200":{"start":{"line":2123,"column":0},"end":{"line":2123,"column":3204}},"201":{"start":{"line":2134,"column":0},"end":{"line":2134,"column":9603}},"202":{"start":{"line":2145,"column":0},"end":{"line":2145,"column":7251}},"203":{"start":{"line":2156,"column":0},"end":{"line":2156,"column":37581}},"204":{"start":{"line":2167,"column":0},"end":{"line":2167,"column":8010}},"205":{"start":{"line":2178,"column":0},"end":{"line":2178,"column":3665}},"206":{"start":{"line":2189,"column":0},"end":{"line":2189,"column":2900}},"207":{"start":{"line":2200,"column":0},"end":{"line":2200,"column":5273}},"208":{"start":{"line":2211,"column":0},"end":{"line":2211,"column":8150}},"209":{"start":{"line":2222,"column":0},"end":{"line":2222,"column":13449}},"210":{"start":{"line":2233,"column":0},"end":{"line":2233,"column":5242}},"211":{"start":{"line":2244,"column":0},"end":{"line":2244,"column":1482}},"212":{"start":{"line":2255,"column":0},"end":{"line":2255,"column":4445}},"213":{"start":{"line":2266,"column":0},"end":{"line":2266,"column":3195}},"214":{"start":{"line":2277,"column":0},"end":{"line":2277,"column":8009}},"215":{"start":{"line":2288,"column":0},"end":{"line":2288,"column":7668}},"216":{"start":{"line":2299,"column":0},"end":{"line":2299,"column":1498}},"217":{"start":{"line":2310,"column":0},"end":{"line":2310,"column":22688}},"218":{"start":{"line":2321,"column":0},"end":{"line":2321,"column":1918}},"219":{"start":{"line":2332,"column":0},"end":{"line":2332,"column":2540}},"220":{"start":{"line":2343,"column":0},"end":{"line":2343,"column":4040}},"221":{"start":{"line":2354,"column":0},"end":{"line":2354,"column":17184}},"222":{"start":{"line":2365,"column":0},"end":{"line":2365,"column":7662}},"223":{"start":{"line":2376,"column":0},"end":{"line":2376,"column":29086}},"224":{"start":{"line":2387,"column":0},"end":{"line":2387,"column":8830}},"225":{"start":{"line":2398,"column":0},"end":{"line":2398,"column":6750}},"226":{"start":{"line":2409,"column":0},"end":{"line":2409,"column":12689}},"227":{"start":{"line":2420,"column":0},"end":{"line":2420,"column":9609}},"228":{"start":{"line":2431,"column":0},"end":{"line":2431,"column":7780}},"229":{"start":{"line":2442,"column":0},"end":{"line":2442,"column":4342}},"230":{"start":{"line":2453,"column":0},"end":{"line":2453,"column":5843}},"231":{"start":{"line":2464,"column":0},"end":{"line":2464,"column":3897}},"232":{"start":{"line":2475,"column":0},"end":{"line":2475,"column":4308}},"233":{"start":{"line":2486,"column":0},"end":{"line":2486,"column":6637}},"234":{"start":{"line":2497,"column":0},"end":{"line":2497,"column":3535}},"235":{"start":{"line":2508,"column":0},"end":{"line":2508,"column":37073}},"236":{"start":{"line":2519,"column":0},"end":{"line":2519,"column":6721}},"237":{"start":{"line":2530,"column":0},"end":{"line":2530,"column":3584}},"238":{"start":{"line":2541,"column":0},"end":{"line":2541,"column":5008}},"239":{"start":{"line":2552,"column":0},"end":{"line":2552,"column":3593}},"240":{"start":{"line":2563,"column":0},"end":{"line":2563,"column":2729}},"241":{"start":{"line":2574,"column":0},"end":{"line":2574,"column":4296}},"242":{"start":{"line":2585,"column":0},"end":{"line":2585,"column":4799}},"243":{"start":{"line":2596,"column":0},"end":{"line":2596,"column":16516}},"244":{"start":{"line":2607,"column":0},"end":{"line":2607,"column":15869}},"245":{"start":{"line":2618,"column":0},"end":{"line":2618,"column":14006}},"246":{"start":{"line":2629,"column":0},"end":{"line":2629,"column":21475}},"247":{"start":{"line":2640,"column":0},"end":{"line":2640,"column":10645}},"248":{"start":{"line":2651,"column":0},"end":{"line":2651,"column":2232}},"249":{"start":{"line":2662,"column":0},"end":{"line":2662,"column":3817}},"250":{"start":{"line":2673,"column":0},"end":{"line":2673,"column":2476}},"251":{"start":{"line":2684,"column":0},"end":{"line":2684,"column":4455}},"252":{"start":{"line":2695,"column":0},"end":{"line":2695,"column":3554}},"253":{"start":{"line":2706,"column":0},"end":{"line":2706,"column":4295}},"254":{"start":{"line":2717,"column":0},"end":{"line":2717,"column":3143}},"255":{"start":{"line":2728,"column":0},"end":{"line":2728,"column":26991}},"256":{"start":{"line":2739,"column":0},"end":{"line":2739,"column":12256}},"257":{"start":{"line":2750,"column":0},"end":{"line":2750,"column":4204}},"258":{"start":{"line":2761,"column":0},"end":{"line":2761,"column":10288}},"259":{"start":{"line":2772,"column":0},"end":{"line":2772,"column":7277}},"260":{"start":{"line":2783,"column":0},"end":{"line":2783,"column":5293}},"261":{"start":{"line":2794,"column":0},"end":{"line":2794,"column":17313}},"262":{"start":{"line":2805,"column":0},"end":{"line":2805,"column":19058}},"263":{"start":{"line":2816,"column":0},"end":{"line":2816,"column":13504}},"264":{"start":{"line":2827,"column":0},"end":{"line":2827,"column":3674}},"265":{"start":{"line":2838,"column":0},"end":{"line":2838,"column":9653}},"266":{"start":{"line":2849,"column":0},"end":{"line":2849,"column":5071}},"267":{"start":{"line":2860,"column":0},"end":{"line":2860,"column":1831}},"268":{"start":{"line":2871,"column":0},"end":{"line":2871,"column":12210}},"269":{"start":{"line":2882,"column":0},"end":{"line":2882,"column":2923}},"270":{"start":{"line":2893,"column":0},"end":{"line":2893,"column":1988}},"271":{"start":{"line":2904,"column":0},"end":{"line":2904,"column":3830}},"272":{"start":{"line":2915,"column":0},"end":{"line":2915,"column":34306}},"273":{"start":{"line":2926,"column":0},"end":{"line":2926,"column":1767}},"274":{"start":{"line":2937,"column":0},"end":{"line":2937,"column":4359}},"275":{"start":{"line":2948,"column":0},"end":{"line":2948,"column":15752}},"276":{"start":{"line":2959,"column":0},"end":{"line":2959,"column":7306}},"277":{"start":{"line":2970,"column":0},"end":{"line":2970,"column":2864}},"278":{"start":{"line":2981,"column":0},"end":{"line":2981,"column":5233}},"279":{"start":{"line":2992,"column":0},"end":{"line":2992,"column":1753}},"280":{"start":{"line":3003,"column":0},"end":{"line":3003,"column":3093}},"281":{"start":{"line":3014,"column":0},"end":{"line":3014,"column":4586}},"282":{"start":{"line":3025,"column":0},"end":{"line":3025,"column":7961}},"283":{"start":{"line":3036,"column":0},"end":{"line":3036,"column":2614}},"284":{"start":{"line":3047,"column":0},"end":{"line":3047,"column":4089}},"285":{"start":{"line":3058,"column":0},"end":{"line":3058,"column":4595}},"286":{"start":{"line":3069,"column":0},"end":{"line":3069,"column":1618}},"287":{"start":{"line":3080,"column":0},"end":{"line":3080,"column":8927}},"288":{"start":{"line":3091,"column":0},"end":{"line":3091,"column":16235}},"289":{"start":{"line":3101,"column":0},"end":{"line":3101,"column":20260}},"290":{"start":{"line":3111,"column":0},"end":{"line":3111,"column":6551}},"291":{"start":{"line":3122,"column":0},"end":{"line":3122,"column":4176}},"292":{"start":{"line":3133,"column":0},"end":{"line":3133,"column":5449}},"293":{"start":{"line":3144,"column":0},"end":{"line":3144,"column":6864}},"294":{"start":{"line":3155,"column":0},"end":{"line":3155,"column":2794}},"295":{"start":{"line":3166,"column":0},"end":{"line":3166,"column":5174}},"296":{"start":{"line":3177,"column":0},"end":{"line":3177,"column":70604}},"297":{"start":{"line":3188,"column":0},"end":{"line":3188,"column":10045}},"298":{"start":{"line":3199,"column":0},"end":{"line":3199,"column":4631}},"299":{"start":{"line":3210,"column":0},"end":{"line":3210,"column":7669}},"300":{"start":{"line":3221,"column":0},"end":{"line":3221,"column":1810}},"301":{"start":{"line":3232,"column":0},"end":{"line":3232,"column":45856}},"302":{"start":{"line":3243,"column":0},"end":{"line":3243,"column":70714}},"303":{"start":{"line":3254,"column":0},"end":{"line":3254,"column":8426}},"304":{"start":{"line":3265,"column":0},"end":{"line":3265,"column":3458}},"305":{"start":{"line":3276,"column":0},"end":{"line":3276,"column":3458}},"306":{"start":{"line":3287,"column":0},"end":{"line":3287,"column":1198}},"307":{"start":{"line":3298,"column":0},"end":{"line":3298,"column":1216}},"308":{"start":{"line":3309,"column":0},"end":{"line":3309,"column":1216}},"309":{"start":{"line":3320,"column":0},"end":{"line":3320,"column":1248}},"310":{"start":{"line":3331,"column":0},"end":{"line":3331,"column":1117}},"311":{"start":{"line":3342,"column":0},"end":{"line":3342,"column":1211}},"312":{"start":{"line":3353,"column":0},"end":{"line":3353,"column":1180}},"313":{"start":{"line":3364,"column":0},"end":{"line":3364,"column":1330}},"314":{"start":{"line":3375,"column":0},"end":{"line":3375,"column":1086}},"315":{"start":{"line":3386,"column":0},"end":{"line":3386,"column":2790}},"316":{"start":{"line":3397,"column":0},"end":{"line":3397,"column":2485}},"317":{"start":{"line":3408,"column":0},"end":{"line":3408,"column":1351}},"318":{"start":{"line":3419,"column":0},"end":{"line":3419,"column":3613}},"319":{"start":{"line":3430,"column":0},"end":{"line":3430,"column":1743}},"320":{"start":{"line":3441,"column":0},"end":{"line":3441,"column":3121}},"321":{"start":{"line":3452,"column":0},"end":{"line":3452,"column":1769}},"322":{"start":{"line":3463,"column":0},"end":{"line":3463,"column":3271}},"323":{"start":{"line":3474,"column":0},"end":{"line":3474,"column":9607}},"324":{"start":{"line":3485,"column":0},"end":{"line":3485,"column":3097}},"325":{"start":{"line":3496,"column":0},"end":{"line":3496,"column":1639}},"326":{"start":{"line":3507,"column":0},"end":{"line":3507,"column":5537}},"327":{"start":{"line":3518,"column":0},"end":{"line":3518,"column":4037}},"328":{"start":{"line":3529,"column":0},"end":{"line":3529,"column":11455}},"329":{"start":{"line":3540,"column":0},"end":{"line":3540,"column":4028}},"330":{"start":{"line":3551,"column":0},"end":{"line":3551,"column":5573}},"331":{"start":{"line":3562,"column":0},"end":{"line":3562,"column":1720}}},"fnMap":{"0":{"name":"(anonymous_0)","decl":{"start":{"line":17,"column":7},"end":{"line":17,"column":8}},"loc":{"start":{"line":17,"column":66},"end":{"line":22,"column":7}},"line":17},"1":{"name":"(anonymous_1)","decl":{"start":{"line":28,"column":7},"end":{"line":28,"column":8}},"loc":{"start":{"line":28,"column":66},"end":{"line":33,"column":7}},"line":28},"2":{"name":"(anonymous_2)","decl":{"start":{"line":39,"column":7},"end":{"line":39,"column":8}},"loc":{"start":{"line":39,"column":28},"end":{"line":44,"column":7}},"line":39},"3":{"name":"(anonymous_3)","decl":{"start":{"line":50,"column":7},"end":{"line":50,"column":8}},"loc":{"start":{"line":50,"column":66},"end":{"line":57,"column":7}},"line":50},"4":{"name":"(anonymous_4)","decl":{"start":{"line":63,"column":7},"end":{"line":63,"column":8}},"loc":{"start":{"line":63,"column":66},"end":{"line":70,"column":7}},"line":63},"5":{"name":"(anonymous_5)","decl":{"start":{"line":76,"column":7},"end":{"line":76,"column":8}},"loc":{"start":{"line":76,"column":66},"end":{"line":83,"column":7}},"line":76},"6":{"name":"(anonymous_6)","decl":{"start":{"line":89,"column":7},"end":{"line":89,"column":8}},"loc":{"start":{"line":89,"column":49},"end":{"line":94,"column":7}},"line":89},"7":{"name":"(anonymous_7)","decl":{"start":{"line":100,"column":7},"end":{"line":100,"column":8}},"loc":{"start":{"line":100,"column":28},"end":{"line":105,"column":7}},"line":100},"8":{"name":"(anonymous_8)","decl":{"start":{"line":111,"column":7},"end":{"line":111,"column":8}},"loc":{"start":{"line":111,"column":66},"end":{"line":118,"column":7}},"line":111},"9":{"name":"(anonymous_9)","decl":{"start":{"line":124,"column":7},"end":{"line":124,"column":8}},"loc":{"start":{"line":124,"column":49},"end":{"line":129,"column":7}},"line":124},"10":{"name":"(anonymous_10)","decl":{"start":{"line":135,"column":7},"end":{"line":135,"column":8}},"loc":{"start":{"line":135,"column":28},"end":{"line":140,"column":7}},"line":135},"11":{"name":"(anonymous_11)","decl":{"start":{"line":146,"column":7},"end":{"line":146,"column":8}},"loc":{"start":{"line":146,"column":49},"end":{"line":151,"column":7}},"line":146},"12":{"name":"(anonymous_12)","decl":{"start":{"line":157,"column":7},"end":{"line":157,"column":8}},"loc":{"start":{"line":157,"column":66},"end":{"line":164,"column":7}},"line":157},"13":{"name":"(anonymous_13)","decl":{"start":{"line":170,"column":7},"end":{"line":170,"column":8}},"loc":{"start":{"line":170,"column":66},"end":{"line":177,"column":7}},"line":170},"14":{"name":"(anonymous_14)","decl":{"start":{"line":183,"column":7},"end":{"line":183,"column":8}},"loc":{"start":{"line":183,"column":66},"end":{"line":190,"column":7}},"line":183},"15":{"name":"(anonymous_15)","decl":{"start":{"line":196,"column":7},"end":{"line":196,"column":8}},"loc":{"start":{"line":196,"column":49},"end":{"line":201,"column":7}},"line":196},"16":{"name":"(anonymous_16)","decl":{"start":{"line":207,"column":7},"end":{"line":207,"column":8}},"loc":{"start":{"line":207,"column":49},"end":{"line":212,"column":7}},"line":207},"17":{"name":"(anonymous_17)","decl":{"start":{"line":218,"column":7},"end":{"line":218,"column":8}},"loc":{"start":{"line":218,"column":28},"end":{"line":223,"column":7}},"line":218},"18":{"name":"(anonymous_18)","decl":{"start":{"line":229,"column":7},"end":{"line":229,"column":8}},"loc":{"start":{"line":229,"column":66},"end":{"line":236,"column":7}},"line":229},"19":{"name":"(anonymous_19)","decl":{"start":{"line":242,"column":7},"end":{"line":242,"column":8}},"loc":{"start":{"line":242,"column":28},"end":{"line":247,"column":7}},"line":242},"20":{"name":"(anonymous_20)","decl":{"start":{"line":253,"column":7},"end":{"line":253,"column":8}},"loc":{"start":{"line":253,"column":49},"end":{"line":258,"column":7}},"line":253},"21":{"name":"(anonymous_21)","decl":{"start":{"line":264,"column":7},"end":{"line":264,"column":8}},"loc":{"start":{"line":264,"column":19},"end":{"line":269,"column":7}},"line":264},"22":{"name":"(anonymous_22)","decl":{"start":{"line":275,"column":7},"end":{"line":275,"column":8}},"loc":{"start":{"line":275,"column":19},"end":{"line":279,"column":7}},"line":275},"23":{"name":"(anonymous_23)","decl":{"start":{"line":285,"column":7},"end":{"line":285,"column":8}},"loc":{"start":{"line":285,"column":66},"end":{"line":290,"column":7}},"line":285},"24":{"name":"(anonymous_24)","decl":{"start":{"line":296,"column":7},"end":{"line":296,"column":8}},"loc":{"start":{"line":296,"column":66},"end":{"line":301,"column":7}},"line":296},"25":{"name":"(anonymous_25)","decl":{"start":{"line":307,"column":7},"end":{"line":307,"column":8}},"loc":{"start":{"line":307,"column":13},"end":{"line":311,"column":7}},"line":307},"26":{"name":"(anonymous_26)","decl":{"start":{"line":317,"column":7},"end":{"line":317,"column":8}},"loc":{"start":{"line":317,"column":19},"end":{"line":321,"column":7}},"line":317},"27":{"name":"(anonymous_27)","decl":{"start":{"line":327,"column":7},"end":{"line":327,"column":8}},"loc":{"start":{"line":327,"column":66},"end":{"line":332,"column":7}},"line":327},"28":{"name":"(anonymous_28)","decl":{"start":{"line":338,"column":7},"end":{"line":338,"column":8}},"loc":{"start":{"line":338,"column":45},"end":{"line":343,"column":7}},"line":338},"29":{"name":"(anonymous_29)","decl":{"start":{"line":349,"column":7},"end":{"line":349,"column":8}},"loc":{"start":{"line":349,"column":45},"end":{"line":354,"column":7}},"line":349},"30":{"name":"(anonymous_30)","decl":{"start":{"line":360,"column":7},"end":{"line":360,"column":8}},"loc":{"start":{"line":360,"column":45},"end":{"line":365,"column":7}},"line":360},"31":{"name":"(anonymous_31)","decl":{"start":{"line":371,"column":7},"end":{"line":371,"column":8}},"loc":{"start":{"line":371,"column":45},"end":{"line":376,"column":7}},"line":371},"32":{"name":"(anonymous_32)","decl":{"start":{"line":382,"column":7},"end":{"line":382,"column":8}},"loc":{"start":{"line":382,"column":45},"end":{"line":387,"column":7}},"line":382},"33":{"name":"(anonymous_33)","decl":{"start":{"line":393,"column":7},"end":{"line":393,"column":8}},"loc":{"start":{"line":393,"column":66},"end":{"line":398,"column":7}},"line":393},"34":{"name":"(anonymous_34)","decl":{"start":{"line":404,"column":7},"end":{"line":404,"column":8}},"loc":{"start":{"line":404,"column":45},"end":{"line":409,"column":7}},"line":404},"35":{"name":"(anonymous_35)","decl":{"start":{"line":415,"column":7},"end":{"line":415,"column":8}},"loc":{"start":{"line":415,"column":45},"end":{"line":420,"column":7}},"line":415},"36":{"name":"(anonymous_36)","decl":{"start":{"line":426,"column":7},"end":{"line":426,"column":8}},"loc":{"start":{"line":426,"column":45},"end":{"line":431,"column":7}},"line":426},"37":{"name":"(anonymous_37)","decl":{"start":{"line":437,"column":7},"end":{"line":437,"column":8}},"loc":{"start":{"line":437,"column":66},"end":{"line":442,"column":7}},"line":437},"38":{"name":"(anonymous_38)","decl":{"start":{"line":448,"column":7},"end":{"line":448,"column":8}},"loc":{"start":{"line":448,"column":66},"end":{"line":453,"column":7}},"line":448},"39":{"name":"(anonymous_39)","decl":{"start":{"line":459,"column":7},"end":{"line":459,"column":8}},"loc":{"start":{"line":459,"column":66},"end":{"line":464,"column":7}},"line":459},"40":{"name":"(anonymous_40)","decl":{"start":{"line":470,"column":7},"end":{"line":470,"column":8}},"loc":{"start":{"line":470,"column":66},"end":{"line":475,"column":7}},"line":470},"41":{"name":"(anonymous_41)","decl":{"start":{"line":481,"column":7},"end":{"line":481,"column":8}},"loc":{"start":{"line":481,"column":66},"end":{"line":486,"column":7}},"line":481},"42":{"name":"(anonymous_42)","decl":{"start":{"line":492,"column":7},"end":{"line":492,"column":8}},"loc":{"start":{"line":492,"column":45},"end":{"line":497,"column":7}},"line":492},"43":{"name":"(anonymous_43)","decl":{"start":{"line":503,"column":7},"end":{"line":503,"column":8}},"loc":{"start":{"line":503,"column":45},"end":{"line":508,"column":7}},"line":503},"44":{"name":"(anonymous_44)","decl":{"start":{"line":514,"column":7},"end":{"line":514,"column":8}},"loc":{"start":{"line":514,"column":66},"end":{"line":519,"column":7}},"line":514},"45":{"name":"(anonymous_45)","decl":{"start":{"line":525,"column":7},"end":{"line":525,"column":8}},"loc":{"start":{"line":525,"column":66},"end":{"line":530,"column":7}},"line":525},"46":{"name":"(anonymous_46)","decl":{"start":{"line":536,"column":7},"end":{"line":536,"column":8}},"loc":{"start":{"line":536,"column":66},"end":{"line":541,"column":7}},"line":536},"47":{"name":"(anonymous_47)","decl":{"start":{"line":547,"column":7},"end":{"line":547,"column":8}},"loc":{"start":{"line":547,"column":66},"end":{"line":552,"column":7}},"line":547},"48":{"name":"(anonymous_48)","decl":{"start":{"line":558,"column":7},"end":{"line":558,"column":8}},"loc":{"start":{"line":558,"column":66},"end":{"line":563,"column":7}},"line":558},"49":{"name":"(anonymous_49)","decl":{"start":{"line":569,"column":7},"end":{"line":569,"column":8}},"loc":{"start":{"line":569,"column":45},"end":{"line":574,"column":7}},"line":569},"50":{"name":"(anonymous_50)","decl":{"start":{"line":580,"column":7},"end":{"line":580,"column":8}},"loc":{"start":{"line":580,"column":66},"end":{"line":585,"column":7}},"line":580},"51":{"name":"(anonymous_51)","decl":{"start":{"line":591,"column":7},"end":{"line":591,"column":8}},"loc":{"start":{"line":591,"column":45},"end":{"line":596,"column":7}},"line":591},"52":{"name":"(anonymous_52)","decl":{"start":{"line":602,"column":7},"end":{"line":602,"column":8}},"loc":{"start":{"line":602,"column":45},"end":{"line":607,"column":7}},"line":602},"53":{"name":"(anonymous_53)","decl":{"start":{"line":613,"column":7},"end":{"line":613,"column":8}},"loc":{"start":{"line":613,"column":45},"end":{"line":618,"column":7}},"line":613},"54":{"name":"(anonymous_54)","decl":{"start":{"line":624,"column":7},"end":{"line":624,"column":8}},"loc":{"start":{"line":624,"column":66},"end":{"line":629,"column":7}},"line":624},"55":{"name":"(anonymous_55)","decl":{"start":{"line":635,"column":7},"end":{"line":635,"column":8}},"loc":{"start":{"line":635,"column":66},"end":{"line":640,"column":7}},"line":635},"56":{"name":"(anonymous_56)","decl":{"start":{"line":646,"column":7},"end":{"line":646,"column":8}},"loc":{"start":{"line":646,"column":66},"end":{"line":651,"column":7}},"line":646},"57":{"name":"(anonymous_57)","decl":{"start":{"line":657,"column":7},"end":{"line":657,"column":8}},"loc":{"start":{"line":657,"column":66},"end":{"line":662,"column":7}},"line":657},"58":{"name":"(anonymous_58)","decl":{"start":{"line":668,"column":7},"end":{"line":668,"column":8}},"loc":{"start":{"line":668,"column":66},"end":{"line":673,"column":7}},"line":668},"59":{"name":"(anonymous_59)","decl":{"start":{"line":679,"column":7},"end":{"line":679,"column":8}},"loc":{"start":{"line":679,"column":66},"end":{"line":684,"column":7}},"line":679},"60":{"name":"(anonymous_60)","decl":{"start":{"line":690,"column":7},"end":{"line":690,"column":8}},"loc":{"start":{"line":690,"column":66},"end":{"line":695,"column":7}},"line":690},"61":{"name":"(anonymous_61)","decl":{"start":{"line":701,"column":7},"end":{"line":701,"column":8}},"loc":{"start":{"line":701,"column":66},"end":{"line":706,"column":7}},"line":701},"62":{"name":"(anonymous_62)","decl":{"start":{"line":712,"column":7},"end":{"line":712,"column":8}},"loc":{"start":{"line":712,"column":45},"end":{"line":717,"column":7}},"line":712},"63":{"name":"(anonymous_63)","decl":{"start":{"line":723,"column":7},"end":{"line":723,"column":8}},"loc":{"start":{"line":723,"column":45},"end":{"line":728,"column":7}},"line":723},"64":{"name":"(anonymous_64)","decl":{"start":{"line":734,"column":7},"end":{"line":734,"column":8}},"loc":{"start":{"line":734,"column":66},"end":{"line":739,"column":7}},"line":734},"65":{"name":"(anonymous_65)","decl":{"start":{"line":745,"column":7},"end":{"line":745,"column":8}},"loc":{"start":{"line":745,"column":45},"end":{"line":750,"column":7}},"line":745},"66":{"name":"(anonymous_66)","decl":{"start":{"line":756,"column":7},"end":{"line":756,"column":8}},"loc":{"start":{"line":756,"column":66},"end":{"line":761,"column":7}},"line":756},"67":{"name":"(anonymous_67)","decl":{"start":{"line":767,"column":7},"end":{"line":767,"column":8}},"loc":{"start":{"line":767,"column":45},"end":{"line":772,"column":7}},"line":767},"68":{"name":"(anonymous_68)","decl":{"start":{"line":778,"column":7},"end":{"line":778,"column":8}},"loc":{"start":{"line":778,"column":66},"end":{"line":783,"column":7}},"line":778},"69":{"name":"(anonymous_69)","decl":{"start":{"line":789,"column":7},"end":{"line":789,"column":8}},"loc":{"start":{"line":789,"column":45},"end":{"line":794,"column":7}},"line":789},"70":{"name":"(anonymous_70)","decl":{"start":{"line":800,"column":7},"end":{"line":800,"column":8}},"loc":{"start":{"line":800,"column":66},"end":{"line":805,"column":7}},"line":800},"71":{"name":"(anonymous_71)","decl":{"start":{"line":811,"column":7},"end":{"line":811,"column":8}},"loc":{"start":{"line":811,"column":45},"end":{"line":816,"column":7}},"line":811},"72":{"name":"(anonymous_72)","decl":{"start":{"line":822,"column":7},"end":{"line":822,"column":8}},"loc":{"start":{"line":822,"column":45},"end":{"line":827,"column":7}},"line":822},"73":{"name":"(anonymous_73)","decl":{"start":{"line":833,"column":7},"end":{"line":833,"column":8}},"loc":{"start":{"line":833,"column":66},"end":{"line":838,"column":7}},"line":833},"74":{"name":"(anonymous_74)","decl":{"start":{"line":844,"column":7},"end":{"line":844,"column":8}},"loc":{"start":{"line":844,"column":66},"end":{"line":849,"column":7}},"line":844},"75":{"name":"(anonymous_75)","decl":{"start":{"line":855,"column":7},"end":{"line":855,"column":8}},"loc":{"start":{"line":855,"column":66},"end":{"line":860,"column":7}},"line":855},"76":{"name":"(anonymous_76)","decl":{"start":{"line":866,"column":7},"end":{"line":866,"column":8}},"loc":{"start":{"line":866,"column":45},"end":{"line":871,"column":7}},"line":866},"77":{"name":"(anonymous_77)","decl":{"start":{"line":877,"column":7},"end":{"line":877,"column":8}},"loc":{"start":{"line":877,"column":66},"end":{"line":882,"column":7}},"line":877},"78":{"name":"(anonymous_78)","decl":{"start":{"line":888,"column":7},"end":{"line":888,"column":8}},"loc":{"start":{"line":888,"column":66},"end":{"line":893,"column":7}},"line":888},"79":{"name":"(anonymous_79)","decl":{"start":{"line":899,"column":7},"end":{"line":899,"column":8}},"loc":{"start":{"line":899,"column":66},"end":{"line":904,"column":7}},"line":899},"80":{"name":"(anonymous_80)","decl":{"start":{"line":910,"column":7},"end":{"line":910,"column":8}},"loc":{"start":{"line":910,"column":66},"end":{"line":915,"column":7}},"line":910},"81":{"name":"(anonymous_81)","decl":{"start":{"line":921,"column":7},"end":{"line":921,"column":8}},"loc":{"start":{"line":921,"column":45},"end":{"line":926,"column":7}},"line":921},"82":{"name":"(anonymous_82)","decl":{"start":{"line":932,"column":7},"end":{"line":932,"column":8}},"loc":{"start":{"line":932,"column":66},"end":{"line":937,"column":7}},"line":932},"83":{"name":"(anonymous_83)","decl":{"start":{"line":943,"column":7},"end":{"line":943,"column":8}},"loc":{"start":{"line":943,"column":45},"end":{"line":948,"column":7}},"line":943},"84":{"name":"(anonymous_84)","decl":{"start":{"line":954,"column":7},"end":{"line":954,"column":8}},"loc":{"start":{"line":954,"column":66},"end":{"line":959,"column":7}},"line":954},"85":{"name":"(anonymous_85)","decl":{"start":{"line":965,"column":7},"end":{"line":965,"column":8}},"loc":{"start":{"line":965,"column":66},"end":{"line":970,"column":7}},"line":965},"86":{"name":"(anonymous_86)","decl":{"start":{"line":976,"column":7},"end":{"line":976,"column":8}},"loc":{"start":{"line":976,"column":66},"end":{"line":981,"column":7}},"line":976},"87":{"name":"(anonymous_87)","decl":{"start":{"line":987,"column":7},"end":{"line":987,"column":8}},"loc":{"start":{"line":987,"column":66},"end":{"line":992,"column":7}},"line":987},"88":{"name":"(anonymous_88)","decl":{"start":{"line":998,"column":7},"end":{"line":998,"column":8}},"loc":{"start":{"line":998,"column":66},"end":{"line":1003,"column":7}},"line":998},"89":{"name":"(anonymous_89)","decl":{"start":{"line":1009,"column":7},"end":{"line":1009,"column":8}},"loc":{"start":{"line":1009,"column":66},"end":{"line":1014,"column":7}},"line":1009},"90":{"name":"(anonymous_90)","decl":{"start":{"line":1020,"column":7},"end":{"line":1020,"column":8}},"loc":{"start":{"line":1020,"column":66},"end":{"line":1025,"column":7}},"line":1020},"91":{"name":"(anonymous_91)","decl":{"start":{"line":1031,"column":7},"end":{"line":1031,"column":8}},"loc":{"start":{"line":1031,"column":45},"end":{"line":1036,"column":7}},"line":1031},"92":{"name":"(anonymous_92)","decl":{"start":{"line":1042,"column":7},"end":{"line":1042,"column":8}},"loc":{"start":{"line":1042,"column":66},"end":{"line":1047,"column":7}},"line":1042},"93":{"name":"(anonymous_93)","decl":{"start":{"line":1053,"column":7},"end":{"line":1053,"column":8}},"loc":{"start":{"line":1053,"column":45},"end":{"line":1058,"column":7}},"line":1053},"94":{"name":"(anonymous_94)","decl":{"start":{"line":1064,"column":7},"end":{"line":1064,"column":8}},"loc":{"start":{"line":1064,"column":45},"end":{"line":1069,"column":7}},"line":1064},"95":{"name":"(anonymous_95)","decl":{"start":{"line":1075,"column":7},"end":{"line":1075,"column":8}},"loc":{"start":{"line":1075,"column":66},"end":{"line":1080,"column":7}},"line":1075},"96":{"name":"(anonymous_96)","decl":{"start":{"line":1086,"column":7},"end":{"line":1086,"column":8}},"loc":{"start":{"line":1086,"column":66},"end":{"line":1091,"column":7}},"line":1086},"97":{"name":"(anonymous_97)","decl":{"start":{"line":1097,"column":7},"end":{"line":1097,"column":8}},"loc":{"start":{"line":1097,"column":45},"end":{"line":1102,"column":7}},"line":1097},"98":{"name":"(anonymous_98)","decl":{"start":{"line":1108,"column":7},"end":{"line":1108,"column":8}},"loc":{"start":{"line":1108,"column":66},"end":{"line":1113,"column":7}},"line":1108},"99":{"name":"(anonymous_99)","decl":{"start":{"line":1119,"column":7},"end":{"line":1119,"column":8}},"loc":{"start":{"line":1119,"column":66},"end":{"line":1124,"column":7}},"line":1119},"100":{"name":"(anonymous_100)","decl":{"start":{"line":1130,"column":7},"end":{"line":1130,"column":8}},"loc":{"start":{"line":1130,"column":66},"end":{"line":1135,"column":7}},"line":1130},"101":{"name":"(anonymous_101)","decl":{"start":{"line":1141,"column":7},"end":{"line":1141,"column":8}},"loc":{"start":{"line":1141,"column":45},"end":{"line":1146,"column":7}},"line":1141},"102":{"name":"(anonymous_102)","decl":{"start":{"line":1152,"column":7},"end":{"line":1152,"column":8}},"loc":{"start":{"line":1152,"column":28},"end":{"line":1157,"column":7}},"line":1152},"103":{"name":"(anonymous_103)","decl":{"start":{"line":1163,"column":7},"end":{"line":1163,"column":8}},"loc":{"start":{"line":1163,"column":45},"end":{"line":1168,"column":7}},"line":1163},"104":{"name":"(anonymous_104)","decl":{"start":{"line":1174,"column":7},"end":{"line":1174,"column":8}},"loc":{"start":{"line":1174,"column":45},"end":{"line":1179,"column":7}},"line":1174},"105":{"name":"(anonymous_105)","decl":{"start":{"line":1185,"column":7},"end":{"line":1185,"column":8}},"loc":{"start":{"line":1185,"column":45},"end":{"line":1190,"column":7}},"line":1185},"106":{"name":"(anonymous_106)","decl":{"start":{"line":1196,"column":7},"end":{"line":1196,"column":8}},"loc":{"start":{"line":1196,"column":45},"end":{"line":1201,"column":7}},"line":1196},"107":{"name":"(anonymous_107)","decl":{"start":{"line":1207,"column":7},"end":{"line":1207,"column":8}},"loc":{"start":{"line":1207,"column":45},"end":{"line":1212,"column":7}},"line":1207},"108":{"name":"(anonymous_108)","decl":{"start":{"line":1218,"column":7},"end":{"line":1218,"column":8}},"loc":{"start":{"line":1218,"column":45},"end":{"line":1223,"column":7}},"line":1218},"109":{"name":"(anonymous_109)","decl":{"start":{"line":1229,"column":7},"end":{"line":1229,"column":8}},"loc":{"start":{"line":1229,"column":66},"end":{"line":1234,"column":7}},"line":1229},"110":{"name":"(anonymous_110)","decl":{"start":{"line":1240,"column":7},"end":{"line":1240,"column":8}},"loc":{"start":{"line":1240,"column":45},"end":{"line":1245,"column":7}},"line":1240},"111":{"name":"(anonymous_111)","decl":{"start":{"line":1251,"column":7},"end":{"line":1251,"column":8}},"loc":{"start":{"line":1251,"column":66},"end":{"line":1256,"column":7}},"line":1251},"112":{"name":"(anonymous_112)","decl":{"start":{"line":1262,"column":7},"end":{"line":1262,"column":8}},"loc":{"start":{"line":1262,"column":66},"end":{"line":1267,"column":7}},"line":1262},"113":{"name":"(anonymous_113)","decl":{"start":{"line":1273,"column":7},"end":{"line":1273,"column":8}},"loc":{"start":{"line":1273,"column":66},"end":{"line":1278,"column":7}},"line":1273},"114":{"name":"(anonymous_114)","decl":{"start":{"line":1284,"column":7},"end":{"line":1284,"column":8}},"loc":{"start":{"line":1284,"column":66},"end":{"line":1289,"column":7}},"line":1284},"115":{"name":"(anonymous_115)","decl":{"start":{"line":1295,"column":7},"end":{"line":1295,"column":8}},"loc":{"start":{"line":1295,"column":66},"end":{"line":1300,"column":7}},"line":1295},"116":{"name":"(anonymous_116)","decl":{"start":{"line":1306,"column":7},"end":{"line":1306,"column":8}},"loc":{"start":{"line":1306,"column":45},"end":{"line":1311,"column":7}},"line":1306},"117":{"name":"(anonymous_117)","decl":{"start":{"line":1317,"column":7},"end":{"line":1317,"column":8}},"loc":{"start":{"line":1317,"column":66},"end":{"line":1322,"column":7}},"line":1317},"118":{"name":"(anonymous_118)","decl":{"start":{"line":1328,"column":7},"end":{"line":1328,"column":8}},"loc":{"start":{"line":1328,"column":66},"end":{"line":1333,"column":7}},"line":1328},"119":{"name":"(anonymous_119)","decl":{"start":{"line":1339,"column":7},"end":{"line":1339,"column":8}},"loc":{"start":{"line":1339,"column":45},"end":{"line":1344,"column":7}},"line":1339},"120":{"name":"(anonymous_120)","decl":{"start":{"line":1350,"column":7},"end":{"line":1350,"column":8}},"loc":{"start":{"line":1350,"column":66},"end":{"line":1355,"column":7}},"line":1350},"121":{"name":"(anonymous_121)","decl":{"start":{"line":1361,"column":7},"end":{"line":1361,"column":8}},"loc":{"start":{"line":1361,"column":45},"end":{"line":1366,"column":7}},"line":1361},"122":{"name":"(anonymous_122)","decl":{"start":{"line":1372,"column":7},"end":{"line":1372,"column":8}},"loc":{"start":{"line":1372,"column":45},"end":{"line":1377,"column":7}},"line":1372},"123":{"name":"(anonymous_123)","decl":{"start":{"line":1383,"column":7},"end":{"line":1383,"column":8}},"loc":{"start":{"line":1383,"column":28},"end":{"line":1388,"column":7}},"line":1383},"124":{"name":"(anonymous_124)","decl":{"start":{"line":1394,"column":7},"end":{"line":1394,"column":8}},"loc":{"start":{"line":1394,"column":49},"end":{"line":1399,"column":7}},"line":1394},"125":{"name":"(anonymous_125)","decl":{"start":{"line":1405,"column":7},"end":{"line":1405,"column":8}},"loc":{"start":{"line":1405,"column":28},"end":{"line":1410,"column":7}},"line":1405},"126":{"name":"(anonymous_126)","decl":{"start":{"line":1416,"column":7},"end":{"line":1416,"column":8}},"loc":{"start":{"line":1416,"column":28},"end":{"line":1421,"column":7}},"line":1416},"127":{"name":"(anonymous_127)","decl":{"start":{"line":1427,"column":7},"end":{"line":1427,"column":8}},"loc":{"start":{"line":1427,"column":49},"end":{"line":1432,"column":7}},"line":1427},"128":{"name":"(anonymous_128)","decl":{"start":{"line":1438,"column":7},"end":{"line":1438,"column":8}},"loc":{"start":{"line":1438,"column":49},"end":{"line":1443,"column":7}},"line":1438},"129":{"name":"(anonymous_129)","decl":{"start":{"line":1449,"column":7},"end":{"line":1449,"column":8}},"loc":{"start":{"line":1449,"column":49},"end":{"line":1454,"column":7}},"line":1449},"130":{"name":"(anonymous_130)","decl":{"start":{"line":1460,"column":7},"end":{"line":1460,"column":8}},"loc":{"start":{"line":1460,"column":49},"end":{"line":1465,"column":7}},"line":1460},"131":{"name":"(anonymous_131)","decl":{"start":{"line":1471,"column":7},"end":{"line":1471,"column":8}},"loc":{"start":{"line":1471,"column":49},"end":{"line":1476,"column":7}},"line":1471},"132":{"name":"(anonymous_132)","decl":{"start":{"line":1482,"column":7},"end":{"line":1482,"column":8}},"loc":{"start":{"line":1482,"column":28},"end":{"line":1487,"column":7}},"line":1482},"133":{"name":"(anonymous_133)","decl":{"start":{"line":1493,"column":7},"end":{"line":1493,"column":8}},"loc":{"start":{"line":1493,"column":28},"end":{"line":1498,"column":7}},"line":1493},"134":{"name":"(anonymous_134)","decl":{"start":{"line":1504,"column":7},"end":{"line":1504,"column":8}},"loc":{"start":{"line":1504,"column":49},"end":{"line":1509,"column":7}},"line":1504},"135":{"name":"(anonymous_135)","decl":{"start":{"line":1515,"column":7},"end":{"line":1515,"column":8}},"loc":{"start":{"line":1515,"column":28},"end":{"line":1520,"column":7}},"line":1515},"136":{"name":"(anonymous_136)","decl":{"start":{"line":1526,"column":7},"end":{"line":1526,"column":8}},"loc":{"start":{"line":1526,"column":49},"end":{"line":1531,"column":7}},"line":1526},"137":{"name":"(anonymous_137)","decl":{"start":{"line":1537,"column":7},"end":{"line":1537,"column":8}},"loc":{"start":{"line":1537,"column":49},"end":{"line":1542,"column":7}},"line":1537},"138":{"name":"(anonymous_138)","decl":{"start":{"line":1548,"column":7},"end":{"line":1548,"column":8}},"loc":{"start":{"line":1548,"column":49},"end":{"line":1553,"column":7}},"line":1548},"139":{"name":"(anonymous_139)","decl":{"start":{"line":1559,"column":7},"end":{"line":1559,"column":8}},"loc":{"start":{"line":1559,"column":28},"end":{"line":1564,"column":7}},"line":1559},"140":{"name":"(anonymous_140)","decl":{"start":{"line":1570,"column":7},"end":{"line":1570,"column":8}},"loc":{"start":{"line":1570,"column":49},"end":{"line":1575,"column":7}},"line":1570},"141":{"name":"(anonymous_141)","decl":{"start":{"line":1581,"column":7},"end":{"line":1581,"column":8}},"loc":{"start":{"line":1581,"column":28},"end":{"line":1586,"column":7}},"line":1581},"142":{"n
[...]
}},"loc":{"start":{"line":3109,"column":19},"end":{"line":3113,"column":7}},"line":3109},"281":{"name":"(anonymous_281)","decl":{"start":{"line":3119,"column":7},"end":{"line":3119,"column":8}},"loc":{"start":{"line":3119,"column":19},"end":{"line":3124,"column":7}},"line":3119},"282":{"name":"(anonymous_282)","decl":{"start":{"line":3130,"column":7},"end":{"line":3130,"column":8}},"loc":{"start":{"line":3130,"column":45},"end":{"line":3135,"column":7}},"line":3130},"283":{"name":"(anonymous_283)","decl":{"start":{"line":3141,"column":7},"end":{"line":3141,"column":8}},"loc":{"start":{"line":3141,"column":66},"end":{"line":3146,"column":7}},"line":3141},"284":{"name":"(anonymous_284)","decl":{"start":{"line":3152,"column":7},"end":{"line":3152,"column":8}},"loc":{"start":{"line":3152,"column":45},"end":{"line":3157,"column":7}},"line":3152},"285":{"name":"(anonymous_285)","decl":{"start":{"line":3163,"column":7},"end":{"line":3163,"column":8}},"loc":{"start":{"line":3163,"column":45},"end":{"line":3168,"column":7}},"line":3163},"286":{"name":"(anonymous_286)","decl":{"start":{"line":3174,"column":7},"end":{"line":3174,"column":8}},"loc":{"start":{"line":3174,"column":66},"end":{"line":3179,"column":7}},"line":3174},"287":{"name":"(anonymous_287)","decl":{"start":{"line":3185,"column":7},"end":{"line":3185,"column":8}},"loc":{"start":{"line":3185,"column":66},"end":{"line":3190,"column":7}},"line":3185},"288":{"name":"(anonymous_288)","decl":{"start":{"line":3196,"column":7},"end":{"line":3196,"column":8}},"loc":{"start":{"line":3196,"column":45},"end":{"line":3201,"column":7}},"line":3196},"289":{"name":"(anonymous_289)","decl":{"start":{"line":3207,"column":7},"end":{"line":3207,"column":8}},"loc":{"start":{"line":3207,"column":45},"end":{"line":3212,"column":7}},"line":3207},"290":{"name":"(anonymous_290)","decl":{"start":{"line":3218,"column":7},"end":{"line":3218,"column":8}},"loc":{"start":{"line":3218,"column":45},"end":{"line":3223,"column":7}},"line":3218},"291":{"name":"(anonymous_291)","decl":{"start":{"line":3229,"column":7},"end":{"line":3229,"column":8}},"loc":{"start":{"line":3229,"column":66},"end":{"line":3234,"column":7}},"line":3229},"292":{"name":"(anonymous_292)","decl":{"start":{"line":3240,"column":7},"end":{"line":3240,"column":8}},"loc":{"start":{"line":3240,"column":66},"end":{"line":3245,"column":7}},"line":3240},"293":{"name":"(anonymous_293)","decl":{"start":{"line":3251,"column":7},"end":{"line":3251,"column":8}},"loc":{"start":{"line":3251,"column":66},"end":{"line":3256,"column":7}},"line":3251},"294":{"name":"(anonymous_294)","decl":{"start":{"line":3262,"column":7},"end":{"line":3262,"column":8}},"loc":{"start":{"line":3262,"column":66},"end":{"line":3267,"column":7}},"line":3262},"295":{"name":"(anonymous_295)","decl":{"start":{"line":3273,"column":7},"end":{"line":3273,"column":8}},"loc":{"start":{"line":3273,"column":66},"end":{"line":3278,"column":7}},"line":3273},"296":{"name":"(anonymous_296)","decl":{"start":{"line":3284,"column":7},"end":{"line":3284,"column":8}},"loc":{"start":{"line":3284,"column":66},"end":{"line":3289,"column":7}},"line":3284},"297":{"name":"(anonymous_297)","decl":{"start":{"line":3295,"column":7},"end":{"line":3295,"column":8}},"loc":{"start":{"line":3295,"column":66},"end":{"line":3300,"column":7}},"line":3295},"298":{"name":"(anonymous_298)","decl":{"start":{"line":3306,"column":7},"end":{"line":3306,"column":8}},"loc":{"start":{"line":3306,"column":66},"end":{"line":3311,"column":7}},"line":3306},"299":{"name":"(anonymous_299)","decl":{"start":{"line":3317,"column":7},"end":{"line":3317,"column":8}},"loc":{"start":{"line":3317,"column":66},"end":{"line":3322,"column":7}},"line":3317},"300":{"name":"(anonymous_300)","decl":{"start":{"line":3328,"column":7},"end":{"line":3328,"column":8}},"loc":{"start":{"line":3328,"column":66},"end":{"line":3333,"column":7}},"line":3328},"301":{"name":"(anonymous_301)","decl":{"start":{"line":3339,"column":7},"end":{"line":3339,"column":8}},"loc":{"start":{"line":3339,"column":66},"end":{"line":3344,"column":7}},"line":3339},"302":{"name":"(anonymous_302)","decl":{"start":{"line":3350,"column":7},"end":{"line":3350,"column":8}},"loc":{"start":{"line":3350,"column":66},"end":{"line":3355,"column":7}},"line":3350},"303":{"name":"(anonymous_303)","decl":{"start":{"line":3361,"column":7},"end":{"line":3361,"column":8}},"loc":{"start":{"line":3361,"column":66},"end":{"line":3366,"column":7}},"line":3361},"304":{"name":"(anonymous_304)","decl":{"start":{"line":3372,"column":7},"end":{"line":3372,"column":8}},"loc":{"start":{"line":3372,"column":66},"end":{"line":3377,"column":7}},"line":3372},"305":{"name":"(anonymous_305)","decl":{"start":{"line":3383,"column":7},"end":{"line":3383,"column":8}},"loc":{"start":{"line":3383,"column":45},"end":{"line":3388,"column":7}},"line":3383},"306":{"name":"(anonymous_306)","decl":{"start":{"line":3394,"column":7},"end":{"line":3394,"column":8}},"loc":{"start":{"line":3394,"column":45},"end":{"line":3399,"column":7}},"line":3394},"307":{"name":"(anonymous_307)","decl":{"start":{"line":3405,"column":7},"end":{"line":3405,"column":8}},"loc":{"start":{"line":3405,"column":28},"end":{"line":3410,"column":7}},"line":3405},"308":{"name":"(anonymous_308)","decl":{"start":{"line":3416,"column":7},"end":{"line":3416,"column":8}},"loc":{"start":{"line":3416,"column":45},"end":{"line":3421,"column":7}},"line":3416},"309":{"name":"(anonymous_309)","decl":{"start":{"line":3427,"column":7},"end":{"line":3427,"column":8}},"loc":{"start":{"line":3427,"column":45},"end":{"line":3432,"column":7}},"line":3427},"310":{"name":"(anonymous_310)","decl":{"start":{"line":3438,"column":7},"end":{"line":3438,"column":8}},"loc":{"start":{"line":3438,"column":45},"end":{"line":3443,"column":7}},"line":3438},"311":{"name":"(anonymous_311)","decl":{"start":{"line":3449,"column":7},"end":{"line":3449,"column":8}},"loc":{"start":{"line":3449,"column":45},"end":{"line":3454,"column":7}},"line":3449},"312":{"name":"(anonymous_312)","decl":{"start":{"line":3460,"column":7},"end":{"line":3460,"column":8}},"loc":{"start":{"line":3460,"column":45},"end":{"line":3465,"column":7}},"line":3460},"313":{"name":"(anonymous_313)","decl":{"start":{"line":3471,"column":7},"end":{"line":3471,"column":8}},"loc":{"start":{"line":3471,"column":45},"end":{"line":3476,"column":7}},"line":3471},"314":{"name":"(anonymous_314)","decl":{"start":{"line":3482,"column":7},"end":{"line":3482,"column":8}},"loc":{"start":{"line":3482,"column":45},"end":{"line":3487,"column":7}},"line":3482},"315":{"name":"(anonymous_315)","decl":{"start":{"line":3493,"column":7},"end":{"line":3493,"column":8}},"loc":{"start":{"line":3493,"column":45},"end":{"line":3498,"column":7}},"line":3493},"316":{"name":"(anonymous_316)","decl":{"start":{"line":3504,"column":7},"end":{"line":3504,"column":8}},"loc":{"start":{"line":3504,"column":66},"end":{"line":3509,"column":7}},"line":3504},"317":{"name":"(anonymous_317)","decl":{"start":{"line":3515,"column":7},"end":{"line":3515,"column":8}},"loc":{"start":{"line":3515,"column":45},"end":{"line":3520,"column":7}},"line":3515},"318":{"name":"(anonymous_318)","decl":{"start":{"line":3526,"column":7},"end":{"line":3526,"column":8}},"loc":{"start":{"line":3526,"column":66},"end":{"line":3531,"column":7}},"line":3526},"319":{"name":"(anonymous_319)","decl":{"start":{"line":3537,"column":7},"end":{"line":3537,"column":8}},"loc":{"start":{"line":3537,"column":45},"end":{"line":3542,"column":7}},"line":3537},"320":{"name":"(anonymous_320)","decl":{"start":{"line":3548,"column":7},"end":{"line":3548,"column":8}},"loc":{"start":{"line":3548,"column":45},"end":{"line":3553,"column":7}},"line":3548},"321":{"name":"(anonymous_321)","decl":{"start":{"line":3559,"column":7},"end":{"line":3559,"column":8}},"loc":{"start":{"line":3559,"column":45},"end":{"line":3564,"column":7}},"line":3559}},"branchMap":{},"s":{"0":1,"1":1,"2":1,"3":0,"4":0,"5":0,"6":0,"7":0,"8":0,"9":0,"10":0,"11":0,"12":0,"13":1,"14":0,"15":0,"16":0,"17":0,"18":0,"19":0,"20":0,"21":0,"22":0,"23":0,"24":0,"25":0,"26":0,"27":0,"28":0,"29":0,"30":1,"31":0,"32":1,"33":1,"34":0,"35":0,"36":0,"37":1,"38":1,"39":1,"40":0,"41":0,"42":0,"43":0,"44":0,"45":0,"46":0,"47":0,"48":0,"49":0,"50":0,"51":0,"52":0,"53":1,"54":0,"55":0,"56":0,"57":0,"58":0,"59":0,"60":0,"61":0,"62":0,"63":1,"64":0,"65":0,"66":0,"67":1,"68":0,"69":0,"70":0,"71":0,"72":1,"73":1,"74":0,"75":1,"76":0,"77":1,"78":1,"79":0,"80":1,"81":0,"82":1,"83":1,"84":1,"85":1,"86":1,"87":0,"88":0,"89":0,"90":1,"91":1,"92":1,"93":1,"94":0,"95":0,"96":0,"97":0,"98":0,"99":1,"100":1,"101":1,"102":1,"103":1,"104":1,"105":1,"106":1,"107":0,"108":1,"109":1,"110":1,"111":0,"112":1,"113":1,"114":1,"115":1,"116":1,"117":0,"118":1,"119":0,"120":0,"121":1,"122":1,"123":1,"124":1,"125":1,"126":1,"127":1,"128":1,"129":1,"130":0,"131":0,"132":0,"133":0,"134":0,"135":0,"136":0,"137":0,"138":0,"139":0,"140":0,"141":0,"142":0,"143":0,"144":0,"145":0,"146":0,"147":0,"148":0,"149":0,"150":0,"151":0,"152":0,"153":0,"154":0,"155":0,"156":0,"157":0,"158":0,"159":0,"160":0,"161":0,"162":0,"163":0,"164":0,"165":0,"166":0,"167":0,"168":0,"169":0,"170":0,"171":0,"172":0,"173":0,"174":0,"175":0,"176":0,"177":0,"178":0,"179":0,"180":0,"181":0,"182":0,"183":0,"184":0,"185":0,"186":0,"187":0,"188":0,"189":0,"190":0,"191":0,"192":0,"193":0,"194":0,"195":0,"196":0,"197":0,"198":0,"199":0,"200":0,"201":0,"202":0,"203":0,"204":0,"205":0,"206":0,"207":0,"208":0,"209":0,"210":0,"211":0,"212":0,"213":0,"214":0,"215":0,"216":0,"217":0,"218":0,"219":0,"220":0,"221":0,"222":0,"223":0,"224":0,"225":0,"226":0,"227":0,"228":0,"229":0,"230":0,"231":0,"232":0,"233":0,"234":0,"235":0,"236":0,"237":0,"238":0,"239":0,"240":0,"241":0,"242":0,"243":0,"244":0,"245":0,"246":0,"247":0,"248":0,"249":0,"250":0,"251":0,"252":0,"253":0,"254":0,"255":0,"256":0,"257":0,"258":0,"259":0,"260":0,"261":0,"262":0,"263":0,"264":0,"265":0,"266":0,"267":0,"268":0,"269":0,"270":0,"271":0,"272":0,"273":0,"274":0,"275":0,"276":0,"277":0,"278":0,"279":0,"280":0,"281":0,"282":0,"283":0,"284":0,"285":0,"286":0,"287":0,"288":0,"289":0,"290":0,"291":0,"292":0,"293":0,"294":0,"295":0,"296":0,"297":0,"298":0,"299":0,"300":0,"301":0,"302":0,"303":0,"304":0,"305":1,"306":0,"307":0,"308":0,"309":0,"310":0,"311":0,"312":0,"313":0,"314":0,"315":0,"316":0,"317":0,"318":0,"319":0,"320":0,"321":0,"322":0,"323":0,"324":0,"325":0,"326":0,"327":0,"328":0,"329":0,"330":0,"331":0},"f":{"0":0,"1":0,"2":0,"3":0,"4":0,"5":0,"6":0,"7":1,"8":0,"9":0,"10":0,"11":0,"12":0,"13":0,"14":0,"15":0,"16":0,"17":0,"18":0,"19":1,"20":0,"21":1,"22":1,"23":0,"24":0,"25":0,"26":0,"27":1,"28":1,"29":1,"30":0,"31":0,"32":0,"33":0,"34":0,"35":0,"36":0,"37":0,"38":0,"39":0,"40":0,"41":0,"42":0,"43":1,"44":0,"45":0,"46":0,"47":0,"48":0,"49":0,"50":0,"51":0,"52":0,"53":1,"54":0,"55":0,"56":0,"57":1,"58":0,"59":0,"60":0,"61":0,"62":1,"63":1,"64":0,"65":1,"66":0,"67":1,"68":1,"69":0,"70":1,"71":0,"72":1,"73":1,"74":1,"75":1,"76":1,"77":0,"78":0,"79":0,"80":1,"81":1,"82":1,"83":1,"84":0,"85":0,"86":0,"87":0,"88":0,"89":1,"90":1,"91":1,"92":1,"93":1,"94":1,"95":1,"96":1,"97":0,"98":1,"99":1,"100":1,"101":0,"102":1,"103":1,"104":1,"105":1,"106":1,"107":0,"108":1,"109":0,"110":0,"111":1,"112":1,"113":1,"114":1,"115":1,"116":1,"117":1,"118":1,"119":1,"120":0,"121":0,"122":0,"123":0,"124":0,"125":0,"126":0,"127":0,"128":0,"129":0,"130":0,"131":0,"132":0,"133":0,"134":0,"135":0,"136":0,"137":0,"138":0,"139":0,"140":0,"141":0,"142":0,"143":0,"144":0,"145":0,"146":0,"147":0,"148":0,"149":0,"150":0,"151":0,"152":0,"153":0,"154":0,"155":0,"156":0,"157":0,"158":0,"159":0,"160":0,"161":0,"162":0,"163":0,"164":0,"165":0,"166":0,"167":0,"168":0,"169":0,"170":0,"171":0,"172":0,"173":0,"174":0,"175":0,"176":0,"177":0,"178":0,"179":0,"180":0,"181":0,"182":0,"183":0,"184":0,"185":0,"186":0,"187":0,"188":0,"189":0,"190":0,"191":0,"192":0,"193":0,"194":0,"195":0,"196":0,"197":0,"198":0,"199":0,"200":0,"201":0,"202":0,"203":0,"204":0,"205":0,"206":0,"207":0,"208":0,"209":0,"210":0,"211":0,"212":0,"213":0,"214":0,"215":0,"216":0,"217":0,"218":0,"219":0,"220":0,"221":0,"222":0,"223":0,"224":0,"225":0,"226":0,"227":0,"228":0,"229":0,"230":0,"231":0,"232":0,"233":0,"234":0,"235":0,"236":0,"237":0,"238":0,"239":0,"240":0,"241":0,"242":0,"243":0,"244":0,"245":0,"246":0,"247":0,"248":0,"249":0,"250":0,"251":0,"252":0,"253":0,"254":0,"255":0,"256":0,"257":0,"258":0,"259":0,"260":0,"261":0,"262":0,"263":0,"264":0,"265":0,"266":0,"267":0,"268":0,"269":0,"270":0,"271":0,"272":0,"273":0,"274":0,"275":0,"276":0,"277":0,"278":0,"279":0,"280":0,"281":0,"282":0,"283":0,"284":0,"285":0,"286":0,"287":0,"288":0,"289":0,"290":0,"291":0,"292":0,"293":0,"294":0,"295":1,"296":0,"297":0,"298":0,"299":0,"300":0,"301":0,"302":0,"303":0,"304":0,"305":0,"306":0,"307":0,"308":0,"309":0,"310":0,"311":0,"312":0,"313":0,"314":0,"315":0,"316":0,"317":0,"318":0,"319":0,"320":0,"321":0},"b":{},"_coverageSchema":"1a1c01bbd47fc00a2c39e90264f33305004495a9","hash":"4d3fc33bbd69fddaf69ab95fe7091e66b21a83ce","contentHash":"45f779323439a68e5d8e18a4ec2f667f4388e5ce7717f1aa12d0119b6f92f79b"},"/mnt/c/Users/harsh/Desktop/keploy/my-api-assignment/.next/server/vendor-chunks/@swc.js":{"path":"/mnt/c/Users/harsh/Desktop/keploy/my-api-assignment/.next/server/vendor-chunks/@swc.js","statementMap":{"0":{"start":{"line":10,"column":0},"end":{"line":10,"column":34}},"1":{"start":{"line":11,"column":0},"end":{"line":11,"column":37}},"2":{"start":{"line":12,"column":0},"end":{"line":74,"column":2}},"3":{"start":{"line":20,"column":0},"end":{"line":20,"column":1151}},"4":{"start":{"line":30,"column":0},"end":{"line":30,"column":1550}},"5":{"start":{"line":40,"column":0},"end":{"line":40,"column":1211}},"6":{"start":{"line":50,"column":0},"end":{"line":50,"column":1151}},"7":{"start":{"line":60,"column":0},"end":{"line":60,"column":4095}},"8":{"start":{"line":70,"column":0},"end":{"line":70,"column":1290}}},"fnMap":{"0":{"name":"(anonymous_0)","decl":{"start":{"line":18,"column":7},"end":{"line":18,"column":8}},"loc":{"start":{"line":18,"column":90},"end":{"line":22,"column":7}},"line":18},"1":{"name":"(anonymous_1)","decl":{"start":{"line":28,"column":7},"end":{"line":28,"column":8}},"loc":{"start":{"line":28,"column":90},"end":{"line":32,"column":7}},"line":28},"2":{"name":"(anonymous_2)","decl":{"start":{"line":38,"column":7},"end":{"line":38,"column":8}},"loc":{"start":{"line":38,"column":90},"end":{"line":42,"column":7}},"line":38},"3":{"name":"(anonymous_3)","decl":{"start":{"line":48,"column":7},"end":{"line":48,"column":8}},"loc":{"start":{"line":48,"column":90},"end":{"line":52,"column":7}},"line":48},"4":{"name":"(anonymous_4)","decl":{"start":{"line":58,"column":7},"end":{"line":58,"column":8}},"loc":{"start":{"line":58,"column":90},"end":{"line":62,"column":7}},"line":58},"5":{"name":"(anonymous_5)","decl":{"start":{"line":68,"column":7},"end":{"line":68,"column":8}},"loc":{"start":{"line":68,"column":90},"end":{"line":72,"column":7}},"line":68}},"branchMap":{},"s":{"0":1,"1":1,"2":1,"3":1,"4":0,"5":0,"6":1,"7":1,"8":0},"f":{"0":1,"1":0,"2":0,"3":1,"4":1,"5":0},"b":{},"_coverageSchema":"1a1c01bbd47fc00a2c39e90264f33305004495a9","hash":"9b6d80a270660722b3bc12cedd8e9b4741e16c2f","contentHash":"5badd53d2acdaf778c4ee03560f5d5ea45b6ae7b81249a4b813cda27bd4c1042"},"/mnt/c/Users/harsh/Desktop/keploy/my-api-assignment/.next/server/app/api/users/route.js":{"path":"/mnt/c/Users/harsh/Desktop/keploy/my-api-assignment/.next/server/app/api/users/route.js","statementMap":{"0":{"start":{"line":9,"column":0},"end":{"line":144,"column":5}},"1":{"start":{"line":10,"column":14},"end":{"line":10,"column":16}},"2":{"start":{"line":11,"column":0},"end":{"line":11,"column":35}},"3":{"start":{"line":12,"column":0},"end":{"line":12,"column":38}},"4":{"start":{"line":13,"column":0},"end":{"line":134,"column":2}},"5":{"start":{"line":22,"column":0},"end":{"line":22,"column":4863}},"6":{"start":{"line":33,"column":0},"end":{"line":33,"column":4294}},"7":{"start":{"line":44,"column":0},"end":{"line":44,"column":2473}},"8":{"start":{"line":55,"column":0},"end":{"line":55,"column":6911}},"9":{"start":{"line":86,"column":0},"end":{"line":86,"column":87}},"10":{"start":{"line":97,"column":0},"end":{"line":97,"column":92}},"11":{"start":{"line":108,"column":0},"end":{"line":108,"column":37}},"12":{"start":{"line":119,"column":0},"end":{"line":119,"column":83}},"13":{"start":{"line":130,"column":0},"end":{"line":130,"column":84}},"14":{"start":{"line":138,"column":26},"end":{"line":138,"column":64}},"15":{"start":{"line":139,"column":0},"end":{"line":139,"column":31}},"16":{"start":{"line":140,"column":23},"end":{"line":140,"column":92}},"17":{"start":{"line":140,"column":38},"end":{"line":140,"column":91}},"18":{"start":{"line":141,"column":26},"end":{"line":141,"column":653}},"19":{"start":{"line":141,"column":82},"end":{"line":141,"column":651}},"20":{"start":{"line":142,"column":0},"end":{"line":142,"column":37}}},"fnMap":{"0":{"name":"(anonymous_0)","decl":{"start":{"line":9,"column":1},"end":{"line":9,"column":2}},"loc":{"start":{"line":9,"column":7},"end":{"line":144,"column":1}},"line":9},"1":{"name":"(anonymous_1)","decl":{"start":{"line":19,"column":7},"end":{"line":19,"column":8}},"loc":{"start":{"line":19,"column":78},"end":{"line":24,"column":7}},"line":19},"2":{"name":"(anonymous_2)","decl":{"start":{"line":30,"column":7},"end":{"line":30,"column":8}},"loc":{"start":{"line":30,"column":78},"end":{"line":35,"column":7}},"line":30},"3":{"name":"(anonymous_3)","decl":{"start":{"line":41,"column":7},"end":{"line":41,"column":8}},"loc":{"start":{"line":41,"column":78},"end":{"line":46,"column":7}},"line":41},"4":{"name":"(anonymous_4)","decl":{"start":{"line":52,"column":7},"end":{"line":52,"column":8}},"loc":{"start":{"line":52,"column":78},"end":{"line":57,"column":7}},"line":52},"5":{"name":"(anonymous_5)","decl":{"start":{"line":63,"column":7},"end":{"line":63,"column":8}},"loc":{"start":{"line":63,"column":13},"end":{"line":67,"column":7}},"line":63},"6":{"name":"(anonymous_6)","decl":{"start":{"line":73,"column":7},"end":{"line":73,"column":8}},"loc":{"start":{"line":73,"column":13},"end":{"line":77,"column":7}},"line":73},"7":{"name":"(anonymous_7)","decl":{"start":{"line":83,"column":7},"end":{"line":83,"column":8}},"loc":{"start":{"line":83,"column":19},"end":{"line":88,"column":7}},"line":83},"8":{"name":"(anonymous_8)","decl":{"start":{"line":94,"column":7},"end":{"line":94,"column":8}},"loc":{"start":{"line":94,"column":19},"end":{"line":99,"column":7}},"line":94},"9":{"name":"(anonymous_9)","decl":{"start":{"line":105,"column":7},"end":{"line":105,"column":8}},"loc":{"start":{"line":105,"column":19},"end":{"line":110,"column":7}},"line":105},"10":{"name":"(anonymous_10)","decl":{"start":{"line":116,"column":7},"end":{"line":116,"column":8}},"loc":{"start":{"line":116,"column":19},"end":{"line":121,"column":7}},"line":116},"11":{"name":"(anonymous_11)","decl":{"start":{"line":127,"column":7},"end":{"line":127,"column":8}},"loc":{"start":{"line":127,"column":19},"end":{"line":132,"column":7}},"line":127},"12":{"name":"(anonymous_12)","decl":{"start":{"line":140,"column":23},"end":{"line":140,"column":24}},"loc":{"start":{"line":140,"column":38},"end":{"line":140,"column":91}},"line":140},"13":{"name":"(anonymous_13)","decl":{"start":{"line":141,"column":75},"end":{"line":141,"column":76}},"loc":{"start":{"line":141,"column":82},"end":{"line":141,"column":651}},"line":141}},"branchMap":{},"s":{"0":1,"1":1,"2":1,"3":1,"4":1,"5":1,"6":1,"7":1,"8":1,"9":1,"10":1,"11":1,"12":1,"13":1,"14":1,"15":1,"16":1,"17":1,"18":1,"19":1,"20":1},"f":{"0":1,"1":1,"2":1,"3":1,"4":1,"5":0,"6":0,"7":1,"8":1,"9":1,"10":1,"11":1,"12":1,"13":1},"b":{},"_coverageSchema":"1a1c01bbd47fc00a2c39e90264f33305004495a9","hash":"9332a40de5554d9f6bb8ab789a18b8da87fec529","contentHash":"b89c6202646e9c47206059c123cbdb188930f33974da773d9a5a02a34eb3c717"}}