{"C:\\Users\\harsh\\Desktop\\keploy\\my-api-assignment\\app\\api\\users\\route.js": {"path":"C:\\Users\\harsh\\Desktop\\keploy\\my-api-assignment\\app\\api\\users\\route.js","statementMap":{"0":{"start":{"line":6,"column":2},"end":{"line":12,"column":3}},"1":{"start":{"line":7,"column":4},"end":{"line":7,"column":30}},"2":{"start":{"line":8,"column":18},"end":{"line":8,"column":35}},"3":{"start":{"line":9,"column":4},"end":{"line":9,"column":32}},"4":{"start":{"line":11,"column":4},"end":{"line":11,"column":78}},"5":{"start":{"line":17,"column":17},"end":{"line":17,"column":37}},"6":{"start":{"line":18,"column":4},"end":{"line":18,"column":39}},"7":{"start":{"line":19,"column":2},"end":{"line":30,"column":3}},"8":{"start":{"line":21,"column":28},"end":{"line":21,"column":32}},"9":{"start":{"line":22,"column":4},"end":{"line":22,"column":30}},"10":{"start":{"line":23,"column":20},"end":{"line":23,"column":54}},"11":{"start":{"line":24,"column":4},"end":{"line":24,"column":49}},"12":{"start":{"line":26,"column":4},"end":{"line":26,"column":62}},"13":{"start":{"line":28,"column":4},"end":{"line":28,"column":49}},"14":{"start":{"line":29,"column":4},"end":{"line":29,"column":78}}},"fnMap":{"0":{"name":"GET","decl":{"start":{"line":5,"column":22},"end":{"line":5,"column":25}},"loc":{"start":{"line":5,"column":28},"end":{"line":13,"column":1}},"line":5},"1":{"name":"POST","decl":{"start":{"line":16,"column":22},"end":{"line":16,"column":26}},"loc":{"start":{"line":16,"column":36},"end":{"line":31,"column":1}},"line":16}},"branchMap":{},"s":{"0":3,"1":3,"2":3,"3":2,"4":1,"5":2,"6":2,"7":2,"8":2,"9":2,"10":2,"11":2,"12":2,"13":0,"14":0},"f":{"0":3,"1":2},"b":{},"_coverageSchema":"1a1c01bbd47fc00a2c39e90264f33305004495a9","hash":"3aa38f0eb85a09bead29d99ef4968f291496bf38"}
,"C:\\Users\\harsh\\Desktop\\keploy\\my-api-assignment\\app\\api\\users\\[id]\\route.js": {"path":"C:\\Users\\harsh\\Desktop\\keploy\\my-api-assignment\\app\\api\\users\\[id]\\route.js","statementMap":{"0":{"start":{"line":7,"column":17},"end":{"line":7,"column":35}},"1":{"start":{"line":8,"column":2},"end":{"line":19,"column":3}},"2":{"start":{"line":9,"column":4},"end":{"line":9,"column":30}},"3":{"start":{"line":10,"column":17},"end":{"line":10,"column":47}},"4":{"start":{"line":12,"column":4},"end":{"line":14,"column":5}},"5":{"start":{"line":13,"column":6},"end":{"line":13,"column":73}},"6":{"start":{"line":16,"column":4},"end":{"line":16,"column":31}},"7":{"start":{"line":18,"column":4},"end":{"line":18,"column":77}},"8":{"start":{"line":24,"column":17},"end":{"line":24,"column":35}},"9":{"start":{"line":25,"column":2},"end":{"line":42,"column":3}},"10":{"start":{"line":26,"column":28},"end":{"line":26,"column":48}},"11":{"start":{"line":27,"column":4},"end":{"line":27,"column":30}},"12":{"start":{"line":29,"column":24},"end":{"line":33,"column":5}},"13":{"start":{"line":35,"column":4},"end":{"line":37,"column":5}},"14":{"start":{"line":36,"column":6},"end":{"line":36,"column":73}},"15":{"start":{"line":39,"column":4},"end":{"line":39,"column":38}},"16":{"start":{"line":41,"column":4},"end":{"line":41,"column":78}},"17":{"start":{"line":47,"column":17},"end":{"line":47,"column":35}},"18":{"start":{"line":48,"column":2},"end":{"line":59,"column":3}},"19":{"start":{"line":49,"column":4},"end":{"line":49,"column":30}},"20":{"start":{"line":50,"column":24},"end":{"line":50,"column":63}},"21":{"start":{"line":52,"column":4},"end":{"line":54,"column":5}},"22":{"start":{"line":53,"column":6},"end":{"line":53,"column":73}},"23":{"start":{"line":56,"column":4},"end":{"line":56,"column":67}},"24":{"start":{"line":58,"column":4},"end":{"line":58,"column":78}}},"fnMap":{"0":{"name":"GET","decl":{"start":{"line":6,"column":22},"end":{"line":6,"column":25}},"loc":{"start":{"line":6,"column":36},"end":{"line":20,"column":1}},"line":6},"1":{"name":"PUT","decl":{"start":{"line":23,"column":22},"end":{"line":23,"column":25}},"loc":{"start":{"line":23,"column":42},"end":{"line":43,"column":1}},"line":23},"2":{"name":"DELETE","decl":{"start":{"line":46,"column":22},"end":{"line":46,"column":28}},"loc":{"start":{"line":46,"column":39},"end":{"line":60,"column":1}},"line":46}},"branchMap":{"0":{"loc":{"start":{"line":12,"column":4},"end":{"line":14,"column":5}},"type":"if","locations":[{"start":{"line":12,"column":4},"end":{"line":14,"column":5}},{"start":{},"end":{}}],"line":12},"1":{"loc":{"start":{"line":35,"column":4},"end":{"line":37,"column":5}},"type":"if","locations":[{"start":{"line":35,"column":4},"end":{"line":37,"column":5}},{"start":{},"end":{}}],"line":35},"2":{"loc":{"start":{"line":52,"column":4},"end":{"line":54,"column":5}},"type":"if","locations":[{"start":{"line":52,"column":4},"end":{"line":54,"column":5}},{"start":{},"end":{}}],"line":52}},"s":{"0":3,"1":3,"2":3,"3":3,"4":2,"5":1,"6":1,"7":1,"8":2,"9":2,"10":2,"11":2,"12":2,"13":2,"14":1,"15":1,"16":0,"17":2,"18":2,"19":2,"20":2,"21":2,"22":1,"23":1,"24":0},"f":{"0":3,"1":2,"2":2},"b":{"0":[1,1],"1":[1,1],"2":[1,1]},"_coverageSchema":"1a1c01bbd47fc00a2c39e90264f33305004495a9","hash":"7d350f1b6b4e3a40ba29ccf127271b46cb539e8b"}
,"C:\\Users\\harsh\\Desktop\\keploy\\my-api-assignment\\lib\\db.js": {"path":"C:\\Users\\harsh\\Desktop\\keploy\\my-api-assignment\\lib\\db.js","statementMap":{"0":{"start":{"line":4,"column":20},"end":{"line":4,"column":43}},"1":{"start":{"line":6,"column":0},"end":{"line":8,"column":1}},"2":{"start":{"line":7,"column":2},"end":{"line":7,"column":72}},"3":{"start":{"line":10,"column":13},"end":{"line":10,"column":28}},"4":{"start":{"line":12,"column":0},"end":{"line":14,"column":1}},"5":{"start":{"line":13,"column":2},"end":{"line":13,"column":59}},"6":{"start":{"line":18,"column":2},"end":{"line":20,"column":3}},"7":{"start":{"line":19,"column":4},"end":{"line":19,"column":31}},"8":{"start":{"line":23,"column":2},"end":{"line":25,"column":1}},"9":{"start":{"line":24,"column":2},"end":{"line":24,"column":38}},"10":{"start":{"line":29,"column":2},"end":{"line":34,"column":3}},"11":{"start":{"line":30,"column":4},"end":{"line":32,"column":5}},"12":{"start":{"line":31,"column":6},"end":{"line":31,"column":82}},"13":{"start":{"line":31,"column":72},"end":{"line":31,"column":80}},"14":{"start":{"line":33,"column":4},"end":{"line":33,"column":39}},"15":{"start":{"line":36,"column":2},"end":{"line":36,"column":21}}},"fnMap":{"0":{"name":"connectToDatabase","decl":{"start":{"line":16,"column":22},"end":{"line":16,"column":39}},"loc":{"start":{"line":16,"column":42},"end":{"line":37,"column":1}},"line":16},"1":{"name":"(anonymous_1)","decl":{"start":{"line":31,"column":58},"end":{"line":31,"column":59}},"loc":{"start":{"line":31,"column":72},"end":{"line":31,"column":80}},"line":31}},"branchMap":{"0":{"loc":{"start":{"line":6,"column":0},"end":{"line":8,"column":1}},"type":"if","locations":[{"start":{"line":6,"column":0},"end":{"line":8,"column":1}},{"start":{},"end":{}}],"line":6},"1":{"loc":{"start":{"line":12,"column":0},"end":{"line":14,"column":1}},"type":"if","locations":[{"start":{"line":12,"column":0},"end":{"line":14,"column":1}},{"start":{},"end":{}}],"line":12},"2":{"loc":{"start":{"line":18,"column":2},"end":{"line":20,"column":3}},"type":"if","locations":[{"start":{"line":18,"column":2},"end":{"line":20,"column":3}},{"start":{},"end":{}}],"line":18},"3":{"loc":{"start":{"line":23,"column":2},"end":{"line":25,"column":1}},"type":"if","locations":[{"start":{"line":23,"column":2},"end":{"line":25,"column":1}},{"start":{},"end":{}}],"line":23},"4":{"loc":{"start":{"line":23,"column":6},"end":{"line":23,"column":77}},"type":"binary-expr","locations":[{"start":{"line":23,"column":6},"end":{"line":23,"column":42}},{"start":{"line":23,"column":46},"end":{"line":23,"column":77}}],"line":23},"5":{"loc":{"start":{"line":29,"column":2},"end":{"line":34,"column":3}},"type":"if","locations":[{"start":{"line":29,"column":2},"end":{"line":34,"column":3}},{"start":{},"end":{}}],"line":29},"6":{"loc":{"start":{"line":30,"column":4},"end":{"line":32,"column":5}},"type":"if","locations":[{"start":{"line":30,"column":4},"end":{"line":32,"column":5}},{"start":{},"end":{}}],"line":30}},"s":{"0":7,"1":7,"2":0,"3":7,"4":7,"5":7,"6":13,"7":7,"8":6,"9":5,"10":5,"11":4,"12":4,"13":4,"14":4,"15":5},"f":{"0":13,"1":4},"b":{"0":[0,7],"1":[7,0],"2":[7,6],"3":[5,1],"4":[6,6],"5":[4,1],"6":[4,0]},"_coverageSchema":"1a1c01bbd47fc00a2c39e90264f33305004495a9","hash":"f28a385819644c3eeb5bf7827d14cb2b177011a8"}
,"C:\\Users\\harsh\\Desktop\\keploy\\my-api-assignment\\models\\User.js": {"path":"C:\\Users\\harsh\\Desktop\\keploy\\my-api-assignment\\models\\User.js","statementMap":{"0":{"start":{"line":3,"column":19},"end":{"line":15,"column":1}}},"fnMap":{},"branchMap":{"0":{"loc":{"start":{"line":17,"column":15},"end":{"line":17,"column":74}},"type":"binary-expr","locations":[{"start":{"line":17,"column":15},"end":{"line":17,"column":36}},{"start":{"line":17,"column":40},"end":{"line":17,"column":74}}],"line":17}},"s":{"0":5},"f":{},"b":{"0":[5,5]},"_coverageSchema":"1a1c01bbd47fc00a2c39e90264f33305004495a9","hash":"d73fa5f9ad827b1e820b6563e8b817188f5a9a2f"}
}
