TN:
SF:app\api\users\route.js
FN:5,GET
FN:16,POST
FNF:2
FNH:2
FNDA:3,GET
FNDA:2,POST
DA:6,3
DA:7,3
DA:8,3
DA:9,2
DA:11,1
DA:17,2
DA:18,2
DA:19,2
DA:21,2
DA:22,2
DA:23,2
DA:24,2
DA:26,2
DA:28,0
DA:29,0
LF:15
LH:13
BRF:0
BRH:0
end_of_record
TN:
SF:app\api\users\[id]\route.js
FN:6,GET
FN:23,PUT
FN:46,DELETE
FNF:3
FNH:3
FNDA:3,GET
FNDA:2,PUT
FNDA:2,DELETE
DA:7,3
DA:8,3
DA:9,3
DA:10,3
DA:12,2
DA:13,1
DA:16,1
DA:18,1
DA:24,2
DA:25,2
DA:26,2
DA:27,2
DA:29,2
DA:35,2
DA:36,1
DA:39,1
DA:41,0
DA:47,2
DA:48,2
DA:49,2
DA:50,2
DA:52,2
DA:53,1
DA:56,1
DA:58,0
LF:25
LH:23
BRDA:12,0,0,1
BRDA:12,0,1,1
BRDA:35,1,0,1
BRDA:35,1,1,1
BRDA:52,2,0,1
BRDA:52,2,1,1
BRF:6
BRH:6
end_of_record
TN:
SF:lib\db.js
FN:16,connectToDatabase
FN:31,(anonymous_1)
FNF:2
FNH:2
FNDA:13,connectToDatabase
FNDA:4,(anonymous_1)
DA:4,7
DA:6,7
DA:7,0
DA:10,7
DA:12,7
DA:13,7
DA:18,13
DA:19,7
DA:23,6
DA:24,5
DA:29,5
DA:30,4
DA:31,4
DA:33,4
DA:36,5
LF:15
LH:14
BRDA:6,0,0,0
BRDA:6,0,1,7
BRDA:12,1,0,7
BRDA:12,1,1,0
BRDA:18,2,0,7
BRDA:18,2,1,6
BRDA:23,3,0,5
BRDA:23,3,1,1
BRDA:23,4,0,6
BRDA:23,4,1,6
BRDA:29,5,0,4
BRDA:29,5,1,1
BRDA:30,6,0,4
BRDA:30,6,1,0
BRF:14
BRH:11
end_of_record
TN:
SF:models\User.js
FNF:0
FNH:0
DA:3,5
LF:1
LH:1
BRDA:17,0,0,5
BRDA:17,0,1,5
BRF:2
BRH:2
end_of_record
